=== OpenSSL for Ruby configurator ===
"gcc -o conftest -I/usr/include/ruby/2.3 -I/usr/include/ruby/2.3/ruby/backward -I/usr/include/ruby/2.3 -I.    -O2 -g -pipe -Wall -Wp,-D_FORTIFY_SOURCE=2 -fexceptions -fstack-protector --param=ssp-buffer-size=4 -mtune=generic -fPIC conftest.c  -L. -L/usr/lib64 -L. -fstack-protector -rdynamic -Wl,-export-dynamic  -m64   -L/usr/lib64/ruby/2.3 -lruby  -lpthread -ldl -lcrypt -lm   -lc"
checked program was:
/* begin */
1: #include "ruby.h"
2: 
3: int main(int argc, char **argv)
4: {
5:   return 0;
6: }
/* end */

"gcc -I/usr/include/ruby/2.3 -I/usr/include/ruby/2.3/ruby/backward -I/usr/include/ruby/2.3 -I.    -O2 -g -pipe -Wall -Wp,-D_FORTIFY_SOURCE=2 -fexceptions -fstack-protector --param=ssp-buffer-size=4 -mtune=generic -fPIC -m64 -Werror=deprecated-declarations -c conftest.c"
checked program was:
/* begin */
1: #include "ruby.h"
/* end */

=== Checking for system dependent stuff... ===
have_library: checking for t_open() in -lnsl... -------------------- no

"gcc -o conftest -I/usr/include/ruby/2.3 -I/usr/include/ruby/2.3/ruby/backward -I/usr/include/ruby/2.3 -I.    -O2 -g -pipe -Wall -Wp,-D_FORTIFY_SOURCE=2 -fexceptions -fstack-protector --param=ssp-buffer-size=4 -mtune=generic -fPIC conftest.c  -L. -L/usr/lib64 -L. -fstack-protector -rdynamic -Wl,-export-dynamic  -m64   -L/usr/lib64/ruby/2.3 -lruby -lnsl  -lpthread -ldl -lcrypt -lm   -lc"
conftest.c: In function ‘t’:
conftest.c:13:57: error: ‘t_open’ undeclared (first use in this function)
 int t(void) { void ((*volatile p)()); p = (void ((*)()))t_open; return !p; }
                                                         ^
conftest.c:13:57: note: each undeclared identifier is reported only once for each function it appears in
checked program was:
/* begin */
 1: #include "ruby.h"
 2: 
 3: /*top*/
 4: extern int t(void);
 5: int main(int argc, char **argv)
 6: {
 7:   if (argc > 1000000) {
 8:     printf("%p", &t);
 9:   }
10: 
11:   return 0;
12: }
13: int t(void) { void ((*volatile p)()); p = (void ((*)()))t_open; return !p; }
/* end */

"gcc -o conftest -I/usr/include/ruby/2.3 -I/usr/include/ruby/2.3/ruby/backward -I/usr/include/ruby/2.3 -I.    -O2 -g -pipe -Wall -Wp,-D_FORTIFY_SOURCE=2 -fexceptions -fstack-protector --param=ssp-buffer-size=4 -mtune=generic -fPIC conftest.c  -L. -L/usr/lib64 -L. -fstack-protector -rdynamic -Wl,-export-dynamic  -m64   -L/usr/lib64/ruby/2.3 -lruby -lnsl  -lpthread -ldl -lcrypt -lm   -lc"
/tmp/cctnirpD.o: In function `t':
/var/www/html/Ludus/vendor/bundle/ruby/2.3/gems/openssl-2.1.2/ext/openssl/conftest.c:14: undefined reference to `t_open'
collect2: error: ld returned 1 exit status
checked program was:
/* begin */
 1: #include "ruby.h"
 2: 
 3: /*top*/
 4: extern int t(void);
 5: int main(int argc, char **argv)
 6: {
 7:   if (argc > 1000000) {
 8:     printf("%p", &t);
 9:   }
10: 
11:   return 0;
12: }
13: extern void t_open();
14: int t(void) { t_open(); return 0; }
/* end */

--------------------

have_library: checking for socket() in -lsocket... -------------------- no

"gcc -o conftest -I/usr/include/ruby/2.3 -I/usr/include/ruby/2.3/ruby/backward -I/usr/include/ruby/2.3 -I.    -O2 -g -pipe -Wall -Wp,-D_FORTIFY_SOURCE=2 -fexceptions -fstack-protector --param=ssp-buffer-size=4 -mtune=generic -fPIC conftest.c  -L. -L/usr/lib64 -L. -fstack-protector -rdynamic -Wl,-export-dynamic  -m64   -L/usr/lib64/ruby/2.3 -lruby -lsocket  -lpthread -ldl -lcrypt -lm   -lc"
conftest.c: In function ‘t’:
conftest.c:13:57: error: ‘socket’ undeclared (first use in this function)
 int t(void) { void ((*volatile p)()); p = (void ((*)()))socket; return !p; }
                                                         ^
conftest.c:13:57: note: each undeclared identifier is reported only once for each function it appears in
checked program was:
/* begin */
 1: #include "ruby.h"
 2: 
 3: /*top*/
 4: extern int t(void);
 5: int main(int argc, char **argv)
 6: {
 7:   if (argc > 1000000) {
 8:     printf("%p", &t);
 9:   }
10: 
11:   return 0;
12: }
13: int t(void) { void ((*volatile p)()); p = (void ((*)()))socket; return !p; }
/* end */

"gcc -o conftest -I/usr/include/ruby/2.3 -I/usr/include/ruby/2.3/ruby/backward -I/usr/include/ruby/2.3 -I.    -O2 -g -pipe -Wall -Wp,-D_FORTIFY_SOURCE=2 -fexceptions -fstack-protector --param=ssp-buffer-size=4 -mtune=generic -fPIC conftest.c  -L. -L/usr/lib64 -L. -fstack-protector -rdynamic -Wl,-export-dynamic  -m64   -L/usr/lib64/ruby/2.3 -lruby -lsocket  -lpthread -ldl -lcrypt -lm   -lc"
/usr/bin/ld: cannot find -lsocket
collect2: error: ld returned 1 exit status
checked program was:
/* begin */
 1: #include "ruby.h"
 2: 
 3: /*top*/
 4: extern int t(void);
 5: int main(int argc, char **argv)
 6: {
 7:   if (argc > 1000000) {
 8:     printf("%p", &t);
 9:   }
10: 
11:   return 0;
12: }
13: extern void socket();
14: int t(void) { socket(); return 0; }
/* end */

--------------------

=== Checking for required stuff... ===
"pkg-config --exists openssl"
| pkg-config --libs openssl
=> "-lssl -lcrypto  \n"
"gcc -o conftest -I/usr/include/ruby/2.3 -I/usr/include/ruby/2.3/ruby/backward -I/usr/include/ruby/2.3 -I.    -O2 -g -pipe -Wall -Wp,-D_FORTIFY_SOURCE=2 -fexceptions -fstack-protector --param=ssp-buffer-size=4 -mtune=generic -fPIC conftest.c  -L. -L/usr/lib64 -L. -fstack-protector -rdynamic -Wl,-export-dynamic  -m64   -L/usr/lib64/ruby/2.3 -lruby -lssl -lcrypto -lpthread -ldl -lcrypt -lm   -lc"
checked program was:
/* begin */
1: #include "ruby.h"
2: 
3: int main(int argc, char **argv)
4: {
5:   return 0;
6: }
/* end */

| pkg-config --cflags-only-I openssl
=> " \n"
| pkg-config --cflags-only-other openssl
=> " \n"
| pkg-config --libs-only-l openssl
=> "-lssl -lcrypto  \n"
package configuration for openssl
cflags: 
ldflags: 
libs: -lssl -lcrypto

have_header: checking for openssl/ssl.h... -------------------- yes

"gcc -E -I/usr/include/ruby/2.3 -I/usr/include/ruby/2.3/ruby/backward -I/usr/include/ruby/2.3 -I.     -O2 -g -pipe -Wall -Wp,-D_FORTIFY_SOURCE=2 -fexceptions -fstack-protector --param=ssp-buffer-size=4 -mtune=generic -fPIC   conftest.c -o conftest.i"
checked program was:
/* begin */
1: #include "ruby.h"
2: 
3: #include <openssl/ssl.h>
/* end */

--------------------

checking for OpenSSL version is 1.0.1 or later... -------------------- yes

"gcc -I/usr/include/ruby/2.3 -I/usr/include/ruby/2.3/ruby/backward -I/usr/include/ruby/2.3 -I.     -O2 -g -pipe -Wall -Wp,-D_FORTIFY_SOURCE=2 -fexceptions -fstack-protector --param=ssp-buffer-size=4 -mtune=generic -fPIC  -m64  -c conftest.c"
checked program was:
/* begin */
1: #include "ruby.h"
2: 
3: #include <openssl/opensslv.h>
4: 
5: /*top*/
6: int conftest_const[(OPENSSL_VERSION_NUMBER >= 0x10001000L) ? 1 : -1];
/* end */

--------------------

=== Checking for OpenSSL features... ===
have_func: checking for RAND_egd()... -------------------- yes

"gcc -o conftest -I/usr/include/ruby/2.3 -I/usr/include/ruby/2.3/ruby/backward -I/usr/include/ruby/2.3 -I.     -O2 -g -pipe -Wall -Wp,-D_FORTIFY_SOURCE=2 -fexceptions -fstack-protector --param=ssp-buffer-size=4 -mtune=generic -fPIC  conftest.c  -L. -L/usr/lib64 -L. -fstack-protector -rdynamic -Wl,-export-dynamic   -m64   -lssl -lcrypto -L/usr/lib64/ruby/2.3 -lruby  -lssl -lcrypto -lpthread -ldl -lcrypt -lm   -lc"
conftest.c: In function ‘t’:
conftest.c:13:57: error: ‘RAND_egd’ undeclared (first use in this function)
 int t(void) { void ((*volatile p)()); p = (void ((*)()))RAND_egd; return !p; }
                                                         ^
conftest.c:13:57: note: each undeclared identifier is reported only once for each function it appears in
checked program was:
/* begin */
 1: #include "ruby.h"
 2: 
 3: /*top*/
 4: extern int t(void);
 5: int main(int argc, char **argv)
 6: {
 7:   if (argc > 1000000) {
 8:     printf("%p", &t);
 9:   }
10: 
11:   return 0;
12: }
13: int t(void) { void ((*volatile p)()); p = (void ((*)()))RAND_egd; return !p; }
/* end */

"gcc -o conftest -I/usr/include/ruby/2.3 -I/usr/include/ruby/2.3/ruby/backward -I/usr/include/ruby/2.3 -I.     -O2 -g -pipe -Wall -Wp,-D_FORTIFY_SOURCE=2 -fexceptions -fstack-protector --param=ssp-buffer-size=4 -mtune=generic -fPIC  conftest.c  -L. -L/usr/lib64 -L. -fstack-protector -rdynamic -Wl,-export-dynamic   -m64   -lssl -lcrypto -L/usr/lib64/ruby/2.3 -lruby  -lssl -lcrypto -lpthread -ldl -lcrypt -lm   -lc"
checked program was:
/* begin */
 1: #include "ruby.h"
 2: 
 3: /*top*/
 4: extern int t(void);
 5: int main(int argc, char **argv)
 6: {
 7:   if (argc > 1000000) {
 8:     printf("%p", &t);
 9:   }
10: 
11:   return 0;
12: }
13: extern void RAND_egd();
14: int t(void) { RAND_egd(); return 0; }
/* end */

--------------------

have_func: checking for ENGINE_load_builtin_engines() in openssl/engine.h with -Werror=deprecated-declarations... -------------------- yes

"gcc -o conftest -I/usr/include/ruby/2.3 -I/usr/include/ruby/2.3/ruby/backward -I/usr/include/ruby/2.3 -I.     -O2 -g -pipe -Wall -Wp,-D_FORTIFY_SOURCE=2 -fexceptions -fstack-protector --param=ssp-buffer-size=4 -mtune=generic -fPIC  conftest.c  -L. -L/usr/lib64 -L. -fstack-protector -rdynamic -Wl,-export-dynamic   -m64   -lssl -lcrypto -L/usr/lib64/ruby/2.3 -lruby -Werror=deprecated-declarations  -lssl -lcrypto -lpthread -ldl -lcrypt -lm   -lc"
checked program was:
/* begin */
 1: #include "ruby.h"
 2: 
 3: #include <openssl/engine.h>
 4: 
 5: /*top*/
 6: extern int t(void);
 7: int main(int argc, char **argv)
 8: {
 9:   if (argc > 1000000) {
10:     printf("%p", &t);
11:   }
12: 
13:   return 0;
14: }
15: int t(void) { void ((*volatile p)()); p = (void ((*)()))ENGINE_load_builtin_engines; return !p; }
/* end */

--------------------

have_func: checking for ENGINE_load_openbsd_dev_crypto() in openssl/engine.h with -Werror=deprecated-declarations... -------------------- no

"gcc -o conftest -I/usr/include/ruby/2.3 -I/usr/include/ruby/2.3/ruby/backward -I/usr/include/ruby/2.3 -I.     -O2 -g -pipe -Wall -Wp,-D_FORTIFY_SOURCE=2 -fexceptions -fstack-protector --param=ssp-buffer-size=4 -mtune=generic -fPIC  conftest.c  -L. -L/usr/lib64 -L. -fstack-protector -rdynamic -Wl,-export-dynamic   -m64   -lssl -lcrypto -L/usr/lib64/ruby/2.3 -lruby -Werror=deprecated-declarations  -lssl -lcrypto -lpthread -ldl -lcrypt -lm   -lc"
conftest.c: In function ‘t’:
conftest.c:15:57: error: ‘ENGINE_load_openbsd_dev_crypto’ undeclared (first use in this function)
 int t(void) { void ((*volatile p)()); p = (void ((*)()))ENGINE_load_openbsd_dev_crypto; return !p; }
                                                         ^
conftest.c:15:57: note: each undeclared identifier is reported only once for each function it appears in
checked program was:
/* begin */
 1: #include "ruby.h"
 2: 
 3: #include <openssl/engine.h>
 4: 
 5: /*top*/
 6: extern int t(void);
 7: int main(int argc, char **argv)
 8: {
 9:   if (argc > 1000000) {
10:     printf("%p", &t);
11:   }
12: 
13:   return 0;
14: }
15: int t(void) { void ((*volatile p)()); p = (void ((*)()))ENGINE_load_openbsd_dev_crypto; return !p; }
/* end */

"gcc -o conftest -I/usr/include/ruby/2.3 -I/usr/include/ruby/2.3/ruby/backward -I/usr/include/ruby/2.3 -I.     -O2 -g -pipe -Wall -Wp,-D_FORTIFY_SOURCE=2 -fexceptions -fstack-protector --param=ssp-buffer-size=4 -mtune=generic -fPIC  conftest.c  -L. -L/usr/lib64 -L. -fstack-protector -rdynamic -Wl,-export-dynamic   -m64   -lssl -lcrypto -L/usr/lib64/ruby/2.3 -lruby -Werror=deprecated-declarations  -lssl -lcrypto -lpthread -ldl -lcrypt -lm   -lc"
/tmp/ccjMlJWp.o: In function `t':
/var/www/html/Ludus/vendor/bundle/ruby/2.3/gems/openssl-2.1.2/ext/openssl/conftest.c:16: undefined reference to `ENGINE_load_openbsd_dev_crypto'
collect2: error: ld returned 1 exit status
checked program was:
/* begin */
 1: #include "ruby.h"
 2: 
 3: #include <openssl/engine.h>
 4: 
 5: /*top*/
 6: extern int t(void);
 7: int main(int argc, char **argv)
 8: {
 9:   if (argc > 1000000) {
10:     printf("%p", &t);
11:   }
12: 
13:   return 0;
14: }
15: extern void ENGINE_load_openbsd_dev_crypto();
16: int t(void) { ENGINE_load_openbsd_dev_crypto(); return 0; }
/* end */

--------------------

have_macro: checking for ENGINE_load_openbsd_dev_crypto in openssl/engine.h... -------------------- no

"gcc -I/usr/include/ruby/2.3 -I/usr/include/ruby/2.3/ruby/backward -I/usr/include/ruby/2.3 -I.     -O2 -g -pipe -Wall -Wp,-D_FORTIFY_SOURCE=2 -fexceptions -fstack-protector --param=ssp-buffer-size=4 -mtune=generic -fPIC  -m64  -c conftest.c"
conftest.c:6:3: error: #error 
 # error
   ^
conftest.c:7:1: error: expected identifier or ‘(’ before ‘|’ token
 |:/ === ENGINE_load_openbsd_dev_crypto undefined === /:|
 ^
checked program was:
/* begin */
1: #include "ruby.h"
2: 
3: #include <openssl/engine.h>
4: /*top*/
5: #ifndef ENGINE_load_openbsd_dev_crypto
6: # error
7: |:/ === ENGINE_load_openbsd_dev_crypto undefined === /:|
8: #endif
/* end */

--------------------

have_func: checking for ENGINE_load_dynamic() in openssl/engine.h with -Werror=deprecated-declarations... -------------------- yes

"gcc -o conftest -I/usr/include/ruby/2.3 -I/usr/include/ruby/2.3/ruby/backward -I/usr/include/ruby/2.3 -I.     -O2 -g -pipe -Wall -Wp,-D_FORTIFY_SOURCE=2 -fexceptions -fstack-protector --param=ssp-buffer-size=4 -mtune=generic -fPIC  conftest.c  -L. -L/usr/lib64 -L. -fstack-protector -rdynamic -Wl,-export-dynamic   -m64   -lssl -lcrypto -L/usr/lib64/ruby/2.3 -lruby -Werror=deprecated-declarations  -lssl -lcrypto -lpthread -ldl -lcrypt -lm   -lc"
checked program was:
/* begin */
 1: #include "ruby.h"
 2: 
 3: #include <openssl/engine.h>
 4: 
 5: /*top*/
 6: extern int t(void);
 7: int main(int argc, char **argv)
 8: {
 9:   if (argc > 1000000) {
10:     printf("%p", &t);
11:   }
12: 
13:   return 0;
14: }
15: int t(void) { void ((*volatile p)()); p = (void ((*)()))ENGINE_load_dynamic; return !p; }
/* end */

--------------------

have_func: checking for ENGINE_load_4758cca() in openssl/engine.h with -Werror=deprecated-declarations... -------------------- no

"gcc -o conftest -I/usr/include/ruby/2.3 -I/usr/include/ruby/2.3/ruby/backward -I/usr/include/ruby/2.3 -I.     -O2 -g -pipe -Wall -Wp,-D_FORTIFY_SOURCE=2 -fexceptions -fstack-protector --param=ssp-buffer-size=4 -mtune=generic -fPIC  conftest.c  -L. -L/usr/lib64 -L. -fstack-protector -rdynamic -Wl,-export-dynamic   -m64   -lssl -lcrypto -L/usr/lib64/ruby/2.3 -lruby -Werror=deprecated-declarations  -lssl -lcrypto -lpthread -ldl -lcrypt -lm   -lc"
conftest.c: In function ‘t’:
conftest.c:15:57: error: ‘ENGINE_load_4758cca’ undeclared (first use in this function)
 int t(void) { void ((*volatile p)()); p = (void ((*)()))ENGINE_load_4758cca; return !p; }
                                                         ^
conftest.c:15:57: note: each undeclared identifier is reported only once for each function it appears in
checked program was:
/* begin */
 1: #include "ruby.h"
 2: 
 3: #include <openssl/engine.h>
 4: 
 5: /*top*/
 6: extern int t(void);
 7: int main(int argc, char **argv)
 8: {
 9:   if (argc > 1000000) {
10:     printf("%p", &t);
11:   }
12: 
13:   return 0;
14: }
15: int t(void) { void ((*volatile p)()); p = (void ((*)()))ENGINE_load_4758cca; return !p; }
/* end */

"gcc -o conftest -I/usr/include/ruby/2.3 -I/usr/include/ruby/2.3/ruby/backward -I/usr/include/ruby/2.3 -I.     -O2 -g -pipe -Wall -Wp,-D_FORTIFY_SOURCE=2 -fexceptions -fstack-protector --param=ssp-buffer-size=4 -mtune=generic -fPIC  conftest.c  -L. -L/usr/lib64 -L. -fstack-protector -rdynamic -Wl,-export-dynamic   -m64   -lssl -lcrypto -L/usr/lib64/ruby/2.3 -lruby -Werror=deprecated-declarations  -lssl -lcrypto -lpthread -ldl -lcrypt -lm   -lc"
/tmp/cc34KBtZ.o: In function `t':
/var/www/html/Ludus/vendor/bundle/ruby/2.3/gems/openssl-2.1.2/ext/openssl/conftest.c:16: undefined reference to `ENGINE_load_4758cca'
collect2: error: ld returned 1 exit status
checked program was:
/* begin */
 1: #include "ruby.h"
 2: 
 3: #include <openssl/engine.h>
 4: 
 5: /*top*/
 6: extern int t(void);
 7: int main(int argc, char **argv)
 8: {
 9:   if (argc > 1000000) {
10:     printf("%p", &t);
11:   }
12: 
13:   return 0;
14: }
15: extern void ENGINE_load_4758cca();
16: int t(void) { ENGINE_load_4758cca(); return 0; }
/* end */

--------------------

have_macro: checking for ENGINE_load_4758cca in openssl/engine.h... -------------------- no

"gcc -I/usr/include/ruby/2.3 -I/usr/include/ruby/2.3/ruby/backward -I/usr/include/ruby/2.3 -I.     -O2 -g -pipe -Wall -Wp,-D_FORTIFY_SOURCE=2 -fexceptions -fstack-protector --param=ssp-buffer-size=4 -mtune=generic -fPIC  -m64  -c conftest.c"
conftest.c:6:3: error: #error 
 # error
   ^
conftest.c:7:1: error: expected identifier or ‘(’ before ‘|’ token
 |:/ === ENGINE_load_4758cca undefined === /:|
 ^
checked program was:
/* begin */
1: #include "ruby.h"
2: 
3: #include <openssl/engine.h>
4: /*top*/
5: #ifndef ENGINE_load_4758cca
6: # error
7: |:/ === ENGINE_load_4758cca undefined === /:|
8: #endif
/* end */

--------------------

have_func: checking for ENGINE_load_aep() in openssl/engine.h with -Werror=deprecated-declarations... -------------------- no

"gcc -o conftest -I/usr/include/ruby/2.3 -I/usr/include/ruby/2.3/ruby/backward -I/usr/include/ruby/2.3 -I.     -O2 -g -pipe -Wall -Wp,-D_FORTIFY_SOURCE=2 -fexceptions -fstack-protector --param=ssp-buffer-size=4 -mtune=generic -fPIC  conftest.c  -L. -L/usr/lib64 -L. -fstack-protector -rdynamic -Wl,-export-dynamic   -m64   -lssl -lcrypto -L/usr/lib64/ruby/2.3 -lruby -Werror=deprecated-declarations  -lssl -lcrypto -lpthread -ldl -lcrypt -lm   -lc"
conftest.c: In function ‘t’:
conftest.c:15:57: error: ‘ENGINE_load_aep’ undeclared (first use in this function)
 int t(void) { void ((*volatile p)()); p = (void ((*)()))ENGINE_load_aep; return !p; }
                                                         ^
conftest.c:15:57: note: each undeclared identifier is reported only once for each function it appears in
checked program was:
/* begin */
 1: #include "ruby.h"
 2: 
 3: #include <openssl/engine.h>
 4: 
 5: /*top*/
 6: extern int t(void);
 7: int main(int argc, char **argv)
 8: {
 9:   if (argc > 1000000) {
10:     printf("%p", &t);
11:   }
12: 
13:   return 0;
14: }
15: int t(void) { void ((*volatile p)()); p = (void ((*)()))ENGINE_load_aep; return !p; }
/* end */

"gcc -o conftest -I/usr/include/ruby/2.3 -I/usr/include/ruby/2.3/ruby/backward -I/usr/include/ruby/2.3 -I.     -O2 -g -pipe -Wall -Wp,-D_FORTIFY_SOURCE=2 -fexceptions -fstack-protector --param=ssp-buffer-size=4 -mtune=generic -fPIC  conftest.c  -L. -L/usr/lib64 -L. -fstack-protector -rdynamic -Wl,-export-dynamic   -m64   -lssl -lcrypto -L/usr/lib64/ruby/2.3 -lruby -Werror=deprecated-declarations  -lssl -lcrypto -lpthread -ldl -lcrypt -lm   -lc"
/tmp/ccFHvwe9.o: In function `t':
/var/www/html/Ludus/vendor/bundle/ruby/2.3/gems/openssl-2.1.2/ext/openssl/conftest.c:16: undefined reference to `ENGINE_load_aep'
collect2: error: ld returned 1 exit status
checked program was:
/* begin */
 1: #include "ruby.h"
 2: 
 3: #include <openssl/engine.h>
 4: 
 5: /*top*/
 6: extern int t(void);
 7: int main(int argc, char **argv)
 8: {
 9:   if (argc > 1000000) {
10:     printf("%p", &t);
11:   }
12: 
13:   return 0;
14: }
15: extern void ENGINE_load_aep();
16: int t(void) { ENGINE_load_aep(); return 0; }
/* end */

--------------------

have_macro: checking for ENGINE_load_aep in openssl/engine.h... -------------------- no

"gcc -I/usr/include/ruby/2.3 -I/usr/include/ruby/2.3/ruby/backward -I/usr/include/ruby/2.3 -I.     -O2 -g -pipe -Wall -Wp,-D_FORTIFY_SOURCE=2 -fexceptions -fstack-protector --param=ssp-buffer-size=4 -mtune=generic -fPIC  -m64  -c conftest.c"
conftest.c:6:3: error: #error 
 # error
   ^
conftest.c:7:1: error: expected identifier or ‘(’ before ‘|’ token
 |:/ === ENGINE_load_aep undefined === /:|
 ^
checked program was:
/* begin */
1: #include "ruby.h"
2: 
3: #include <openssl/engine.h>
4: /*top*/
5: #ifndef ENGINE_load_aep
6: # error
7: |:/ === ENGINE_load_aep undefined === /:|
8: #endif
/* end */

--------------------

have_func: checking for ENGINE_load_atalla() in openssl/engine.h with -Werror=deprecated-declarations... -------------------- no

"gcc -o conftest -I/usr/include/ruby/2.3 -I/usr/include/ruby/2.3/ruby/backward -I/usr/include/ruby/2.3 -I.     -O2 -g -pipe -Wall -Wp,-D_FORTIFY_SOURCE=2 -fexceptions -fstack-protector --param=ssp-buffer-size=4 -mtune=generic -fPIC  conftest.c  -L. -L/usr/lib64 -L. -fstack-protector -rdynamic -Wl,-export-dynamic   -m64   -lssl -lcrypto -L/usr/lib64/ruby/2.3 -lruby -Werror=deprecated-declarations  -lssl -lcrypto -lpthread -ldl -lcrypt -lm   -lc"
conftest.c: In function ‘t’:
conftest.c:15:57: error: ‘ENGINE_load_atalla’ undeclared (first use in this function)
 int t(void) { void ((*volatile p)()); p = (void ((*)()))ENGINE_load_atalla; return !p; }
                                                         ^
conftest.c:15:57: note: each undeclared identifier is reported only once for each function it appears in
checked program was:
/* begin */
 1: #include "ruby.h"
 2: 
 3: #include <openssl/engine.h>
 4: 
 5: /*top*/
 6: extern int t(void);
 7: int main(int argc, char **argv)
 8: {
 9:   if (argc > 1000000) {
10:     printf("%p", &t);
11:   }
12: 
13:   return 0;
14: }
15: int t(void) { void ((*volatile p)()); p = (void ((*)()))ENGINE_load_atalla; return !p; }
/* end */

"gcc -o conftest -I/usr/include/ruby/2.3 -I/usr/include/ruby/2.3/ruby/backward -I/usr/include/ruby/2.3 -I.     -O2 -g -pipe -Wall -Wp,-D_FORTIFY_SOURCE=2 -fexceptions -fstack-protector --param=ssp-buffer-size=4 -mtune=generic -fPIC  conftest.c  -L. -L/usr/lib64 -L. -fstack-protector -rdynamic -Wl,-export-dynamic   -m64   -lssl -lcrypto -L/usr/lib64/ruby/2.3 -lruby -Werror=deprecated-declarations  -lssl -lcrypto -lpthread -ldl -lcrypt -lm   -lc"
/tmp/ccT7p78u.o: In function `t':
/var/www/html/Ludus/vendor/bundle/ruby/2.3/gems/openssl-2.1.2/ext/openssl/conftest.c:16: undefined reference to `ENGINE_load_atalla'
collect2: error: ld returned 1 exit status
checked program was:
/* begin */
 1: #include "ruby.h"
 2: 
 3: #include <openssl/engine.h>
 4: 
 5: /*top*/
 6: extern int t(void);
 7: int main(int argc, char **argv)
 8: {
 9:   if (argc > 1000000) {
10:     printf("%p", &t);
11:   }
12: 
13:   return 0;
14: }
15: extern void ENGINE_load_atalla();
16: int t(void) { ENGINE_load_atalla(); return 0; }
/* end */

--------------------

have_macro: checking for ENGINE_load_atalla in openssl/engine.h... -------------------- no

"gcc -I/usr/include/ruby/2.3 -I/usr/include/ruby/2.3/ruby/backward -I/usr/include/ruby/2.3 -I.     -O2 -g -pipe -Wall -Wp,-D_FORTIFY_SOURCE=2 -fexceptions -fstack-protector --param=ssp-buffer-size=4 -mtune=generic -fPIC  -m64  -c conftest.c"
conftest.c:6:3: error: #error 
 # error
   ^
conftest.c:7:1: error: expected identifier or ‘(’ before ‘|’ token
 |:/ === ENGINE_load_atalla undefined === /:|
 ^
checked program was:
/* begin */
1: #include "ruby.h"
2: 
3: #include <openssl/engine.h>
4: /*top*/
5: #ifndef ENGINE_load_atalla
6: # error
7: |:/ === ENGINE_load_atalla undefined === /:|
8: #endif
/* end */

--------------------

have_func: checking for ENGINE_load_chil() in openssl/engine.h with -Werror=deprecated-declarations... -------------------- no

"gcc -o conftest -I/usr/include/ruby/2.3 -I/usr/include/ruby/2.3/ruby/backward -I/usr/include/ruby/2.3 -I.     -O2 -g -pipe -Wall -Wp,-D_FORTIFY_SOURCE=2 -fexceptions -fstack-protector --param=ssp-buffer-size=4 -mtune=generic -fPIC  conftest.c  -L. -L/usr/lib64 -L. -fstack-protector -rdynamic -Wl,-export-dynamic   -m64   -lssl -lcrypto -L/usr/lib64/ruby/2.3 -lruby -Werror=deprecated-declarations  -lssl -lcrypto -lpthread -ldl -lcrypt -lm   -lc"
conftest.c: In function ‘t’:
conftest.c:15:57: error: ‘ENGINE_load_chil’ undeclared (first use in this function)
 int t(void) { void ((*volatile p)()); p = (void ((*)()))ENGINE_load_chil; return !p; }
                                                         ^
conftest.c:15:57: note: each undeclared identifier is reported only once for each function it appears in
checked program was:
/* begin */
 1: #include "ruby.h"
 2: 
 3: #include <openssl/engine.h>
 4: 
 5: /*top*/
 6: extern int t(void);
 7: int main(int argc, char **argv)
 8: {
 9:   if (argc > 1000000) {
10:     printf("%p", &t);
11:   }
12: 
13:   return 0;
14: }
15: int t(void) { void ((*volatile p)()); p = (void ((*)()))ENGINE_load_chil; return !p; }
/* end */

"gcc -o conftest -I/usr/include/ruby/2.3 -I/usr/include/ruby/2.3/ruby/backward -I/usr/include/ruby/2.3 -I.     -O2 -g -pipe -Wall -Wp,-D_FORTIFY_SOURCE=2 -fexceptions -fstack-protector --param=ssp-buffer-size=4 -mtune=generic -fPIC  conftest.c  -L. -L/usr/lib64 -L. -fstack-protector -rdynamic -Wl,-export-dynamic   -m64   -lssl -lcrypto -L/usr/lib64/ruby/2.3 -lruby -Werror=deprecated-declarations  -lssl -lcrypto -lpthread -ldl -lcrypt -lm   -lc"
/tmp/ccf3AkUQ.o: In function `t':
/var/www/html/Ludus/vendor/bundle/ruby/2.3/gems/openssl-2.1.2/ext/openssl/conftest.c:16: undefined reference to `ENGINE_load_chil'
collect2: error: ld returned 1 exit status
checked program was:
/* begin */
 1: #include "ruby.h"
 2: 
 3: #include <openssl/engine.h>
 4: 
 5: /*top*/
 6: extern int t(void);
 7: int main(int argc, char **argv)
 8: {
 9:   if (argc > 1000000) {
10:     printf("%p", &t);
11:   }
12: 
13:   return 0;
14: }
15: extern void ENGINE_load_chil();
16: int t(void) { ENGINE_load_chil(); return 0; }
/* end */

--------------------

have_macro: checking for ENGINE_load_chil in openssl/engine.h... -------------------- no

"gcc -I/usr/include/ruby/2.3 -I/usr/include/ruby/2.3/ruby/backward -I/usr/include/ruby/2.3 -I.     -O2 -g -pipe -Wall -Wp,-D_FORTIFY_SOURCE=2 -fexceptions -fstack-protector --param=ssp-buffer-size=4 -mtune=generic -fPIC  -m64  -c conftest.c"
conftest.c:6:3: error: #error 
 # error
   ^
conftest.c:7:1: error: expected identifier or ‘(’ before ‘|’ token
 |:/ === ENGINE_load_chil undefined === /:|
 ^
checked program was:
/* begin */
1: #include "ruby.h"
2: 
3: #include <openssl/engine.h>
4: /*top*/
5: #ifndef ENGINE_load_chil
6: # error
7: |:/ === ENGINE_load_chil undefined === /:|
8: #endif
/* end */

--------------------

have_func: checking for ENGINE_load_cswift() in openssl/engine.h with -Werror=deprecated-declarations... -------------------- no

"gcc -o conftest -I/usr/include/ruby/2.3 -I/usr/include/ruby/2.3/ruby/backward -I/usr/include/ruby/2.3 -I.     -O2 -g -pipe -Wall -Wp,-D_FORTIFY_SOURCE=2 -fexceptions -fstack-protector --param=ssp-buffer-size=4 -mtune=generic -fPIC  conftest.c  -L. -L/usr/lib64 -L. -fstack-protector -rdynamic -Wl,-export-dynamic   -m64   -lssl -lcrypto -L/usr/lib64/ruby/2.3 -lruby -Werror=deprecated-declarations  -lssl -lcrypto -lpthread -ldl -lcrypt -lm   -lc"
conftest.c: In function ‘t’:
conftest.c:15:57: error: ‘ENGINE_load_cswift’ undeclared (first use in this function)
 int t(void) { void ((*volatile p)()); p = (void ((*)()))ENGINE_load_cswift; return !p; }
                                                         ^
conftest.c:15:57: note: each undeclared identifier is reported only once for each function it appears in
checked program was:
/* begin */
 1: #include "ruby.h"
 2: 
 3: #include <openssl/engine.h>
 4: 
 5: /*top*/
 6: extern int t(void);
 7: int main(int argc, char **argv)
 8: {
 9:   if (argc > 1000000) {
10:     printf("%p", &t);
11:   }
12: 
13:   return 0;
14: }
15: int t(void) { void ((*volatile p)()); p = (void ((*)()))ENGINE_load_cswift; return !p; }
/* end */

"gcc -o conftest -I/usr/include/ruby/2.3 -I/usr/include/ruby/2.3/ruby/backward -I/usr/include/ruby/2.3 -I.     -O2 -g -pipe -Wall -Wp,-D_FORTIFY_SOURCE=2 -fexceptions -fstack-protector --param=ssp-buffer-size=4 -mtune=generic -fPIC  conftest.c  -L. -L/usr/lib64 -L. -fstack-protector -rdynamic -Wl,-export-dynamic   -m64   -lssl -lcrypto -L/usr/lib64/ruby/2.3 -lruby -Werror=deprecated-declarations  -lssl -lcrypto -lpthread -ldl -lcrypt -lm   -lc"
/tmp/ccQ33qRc.o: In function `t':
/var/www/html/Ludus/vendor/bundle/ruby/2.3/gems/openssl-2.1.2/ext/openssl/conftest.c:16: undefined reference to `ENGINE_load_cswift'
collect2: error: ld returned 1 exit status
checked program was:
/* begin */
 1: #include "ruby.h"
 2: 
 3: #include <openssl/engine.h>
 4: 
 5: /*top*/
 6: extern int t(void);
 7: int main(int argc, char **argv)
 8: {
 9:   if (argc > 1000000) {
10:     printf("%p", &t);
11:   }
12: 
13:   return 0;
14: }
15: extern void ENGINE_load_cswift();
16: int t(void) { ENGINE_load_cswift(); return 0; }
/* end */

--------------------

have_macro: checking for ENGINE_load_cswift in openssl/engine.h... -------------------- no

"gcc -I/usr/include/ruby/2.3 -I/usr/include/ruby/2.3/ruby/backward -I/usr/include/ruby/2.3 -I.     -O2 -g -pipe -Wall -Wp,-D_FORTIFY_SOURCE=2 -fexceptions -fstack-protector --param=ssp-buffer-size=4 -mtune=generic -fPIC  -m64  -c conftest.c"
conftest.c:6:3: error: #error 
 # error
   ^
conftest.c:7:1: error: expected identifier or ‘(’ before ‘|’ token
 |:/ === ENGINE_load_cswift undefined === /:|
 ^
checked program was:
/* begin */
1: #include "ruby.h"
2: 
3: #include <openssl/engine.h>
4: /*top*/
5: #ifndef ENGINE_load_cswift
6: # error
7: |:/ === ENGINE_load_cswift undefined === /:|
8: #endif
/* end */

--------------------

have_func: checking for ENGINE_load_nuron() in openssl/engine.h with -Werror=deprecated-declarations... -------------------- no

"gcc -o conftest -I/usr/include/ruby/2.3 -I/usr/include/ruby/2.3/ruby/backward -I/usr/include/ruby/2.3 -I.     -O2 -g -pipe -Wall -Wp,-D_FORTIFY_SOURCE=2 -fexceptions -fstack-protector --param=ssp-buffer-size=4 -mtune=generic -fPIC  conftest.c  -L. -L/usr/lib64 -L. -fstack-protector -rdynamic -Wl,-export-dynamic   -m64   -lssl -lcrypto -L/usr/lib64/ruby/2.3 -lruby -Werror=deprecated-declarations  -lssl -lcrypto -lpthread -ldl -lcrypt -lm   -lc"
conftest.c: In function ‘t’:
conftest.c:15:57: error: ‘ENGINE_load_nuron’ undeclared (first use in this function)
 int t(void) { void ((*volatile p)()); p = (void ((*)()))ENGINE_load_nuron; return !p; }
                                                         ^
conftest.c:15:57: note: each undeclared identifier is reported only once for each function it appears in
checked program was:
/* begin */
 1: #include "ruby.h"
 2: 
 3: #include <openssl/engine.h>
 4: 
 5: /*top*/
 6: extern int t(void);
 7: int main(int argc, char **argv)
 8: {
 9:   if (argc > 1000000) {
10:     printf("%p", &t);
11:   }
12: 
13:   return 0;
14: }
15: int t(void) { void ((*volatile p)()); p = (void ((*)()))ENGINE_load_nuron; return !p; }
/* end */

"gcc -o conftest -I/usr/include/ruby/2.3 -I/usr/include/ruby/2.3/ruby/backward -I/usr/include/ruby/2.3 -I.     -O2 -g -pipe -Wall -Wp,-D_FORTIFY_SOURCE=2 -fexceptions -fstack-protector --param=ssp-buffer-size=4 -mtune=generic -fPIC  conftest.c  -L. -L/usr/lib64 -L. -fstack-protector -rdynamic -Wl,-export-dynamic   -m64   -lssl -lcrypto -L/usr/lib64/ruby/2.3 -lruby -Werror=deprecated-declarations  -lssl -lcrypto -lpthread -ldl -lcrypt -lm   -lc"
/tmp/ccQiC5Hr.o: In function `t':
/var/www/html/Ludus/vendor/bundle/ruby/2.3/gems/openssl-2.1.2/ext/openssl/conftest.c:16: undefined reference to `ENGINE_load_nuron'
collect2: error: ld returned 1 exit status
checked program was:
/* begin */
 1: #include "ruby.h"
 2: 
 3: #include <openssl/engine.h>
 4: 
 5: /*top*/
 6: extern int t(void);
 7: int main(int argc, char **argv)
 8: {
 9:   if (argc > 1000000) {
10:     printf("%p", &t);
11:   }
12: 
13:   return 0;
14: }
15: extern void ENGINE_load_nuron();
16: int t(void) { ENGINE_load_nuron(); return 0; }
/* end */

--------------------

have_macro: checking for ENGINE_load_nuron in openssl/engine.h... -------------------- no

"gcc -I/usr/include/ruby/2.3 -I/usr/include/ruby/2.3/ruby/backward -I/usr/include/ruby/2.3 -I.     -O2 -g -pipe -Wall -Wp,-D_FORTIFY_SOURCE=2 -fexceptions -fstack-protector --param=ssp-buffer-size=4 -mtune=generic -fPIC  -m64  -c conftest.c"
conftest.c:6:3: error: #error 
 # error
   ^
conftest.c:7:1: error: expected identifier or ‘(’ before ‘|’ token
 |:/ === ENGINE_load_nuron undefined === /:|
 ^
checked program was:
/* begin */
1: #include "ruby.h"
2: 
3: #include <openssl/engine.h>
4: /*top*/
5: #ifndef ENGINE_load_nuron
6: # error
7: |:/ === ENGINE_load_nuron undefined === /:|
8: #endif
/* end */

--------------------

have_func: checking for ENGINE_load_sureware() in openssl/engine.h with -Werror=deprecated-declarations... -------------------- no

"gcc -o conftest -I/usr/include/ruby/2.3 -I/usr/include/ruby/2.3/ruby/backward -I/usr/include/ruby/2.3 -I.     -O2 -g -pipe -Wall -Wp,-D_FORTIFY_SOURCE=2 -fexceptions -fstack-protector --param=ssp-buffer-size=4 -mtune=generic -fPIC  conftest.c  -L. -L/usr/lib64 -L. -fstack-protector -rdynamic -Wl,-export-dynamic   -m64   -lssl -lcrypto -L/usr/lib64/ruby/2.3 -lruby -Werror=deprecated-declarations  -lssl -lcrypto -lpthread -ldl -lcrypt -lm   -lc"
conftest.c: In function ‘t’:
conftest.c:15:57: error: ‘ENGINE_load_sureware’ undeclared (first use in this function)
 int t(void) { void ((*volatile p)()); p = (void ((*)()))ENGINE_load_sureware; return !p; }
                                                         ^
conftest.c:15:57: note: each undeclared identifier is reported only once for each function it appears in
checked program was:
/* begin */
 1: #include "ruby.h"
 2: 
 3: #include <openssl/engine.h>
 4: 
 5: /*top*/
 6: extern int t(void);
 7: int main(int argc, char **argv)
 8: {
 9:   if (argc > 1000000) {
10:     printf("%p", &t);
11:   }
12: 
13:   return 0;
14: }
15: int t(void) { void ((*volatile p)()); p = (void ((*)()))ENGINE_load_sureware; return !p; }
/* end */

"gcc -o conftest -I/usr/include/ruby/2.3 -I/usr/include/ruby/2.3/ruby/backward -I/usr/include/ruby/2.3 -I.     -O2 -g -pipe -Wall -Wp,-D_FORTIFY_SOURCE=2 -fexceptions -fstack-protector --param=ssp-buffer-size=4 -mtune=generic -fPIC  conftest.c  -L. -L/usr/lib64 -L. -fstack-protector -rdynamic -Wl,-export-dynamic   -m64   -lssl -lcrypto -L/usr/lib64/ruby/2.3 -lruby -Werror=deprecated-declarations  -lssl -lcrypto -lpthread -ldl -lcrypt -lm   -lc"
/tmp/ccJZh4xN.o: In function `t':
/var/www/html/Ludus/vendor/bundle/ruby/2.3/gems/openssl-2.1.2/ext/openssl/conftest.c:16: undefined reference to `ENGINE_load_sureware'
collect2: error: ld returned 1 exit status
checked program was:
/* begin */
 1: #include "ruby.h"
 2: 
 3: #include <openssl/engine.h>
 4: 
 5: /*top*/
 6: extern int t(void);
 7: int main(int argc, char **argv)
 8: {
 9:   if (argc > 1000000) {
10:     printf("%p", &t);
11:   }
12: 
13:   return 0;
14: }
15: extern void ENGINE_load_sureware();
16: int t(void) { ENGINE_load_sureware(); return 0; }
/* end */

--------------------

have_macro: checking for ENGINE_load_sureware in openssl/engine.h... -------------------- no

"gcc -I/usr/include/ruby/2.3 -I/usr/include/ruby/2.3/ruby/backward -I/usr/include/ruby/2.3 -I.     -O2 -g -pipe -Wall -Wp,-D_FORTIFY_SOURCE=2 -fexceptions -fstack-protector --param=ssp-buffer-size=4 -mtune=generic -fPIC  -m64  -c conftest.c"
conftest.c:6:3: error: #error 
 # error
   ^
conftest.c:7:1: error: expected identifier or ‘(’ before ‘|’ token
 |:/ === ENGINE_load_sureware undefined === /:|
 ^
checked program was:
/* begin */
1: #include "ruby.h"
2: 
3: #include <openssl/engine.h>
4: /*top*/
5: #ifndef ENGINE_load_sureware
6: # error
7: |:/ === ENGINE_load_sureware undefined === /:|
8: #endif
/* end */

--------------------

have_func: checking for ENGINE_load_ubsec() in openssl/engine.h with -Werror=deprecated-declarations... -------------------- no

"gcc -o conftest -I/usr/include/ruby/2.3 -I/usr/include/ruby/2.3/ruby/backward -I/usr/include/ruby/2.3 -I.     -O2 -g -pipe -Wall -Wp,-D_FORTIFY_SOURCE=2 -fexceptions -fstack-protector --param=ssp-buffer-size=4 -mtune=generic -fPIC  conftest.c  -L. -L/usr/lib64 -L. -fstack-protector -rdynamic -Wl,-export-dynamic   -m64   -lssl -lcrypto -L/usr/lib64/ruby/2.3 -lruby -Werror=deprecated-declarations  -lssl -lcrypto -lpthread -ldl -lcrypt -lm   -lc"
conftest.c: In function ‘t’:
conftest.c:15:57: error: ‘ENGINE_load_ubsec’ undeclared (first use in this function)
 int t(void) { void ((*volatile p)()); p = (void ((*)()))ENGINE_load_ubsec; return !p; }
                                                         ^
conftest.c:15:57: note: each undeclared identifier is reported only once for each function it appears in
checked program was:
/* begin */
 1: #include "ruby.h"
 2: 
 3: #include <openssl/engine.h>
 4: 
 5: /*top*/
 6: extern int t(void);
 7: int main(int argc, char **argv)
 8: {
 9:   if (argc > 1000000) {
10:     printf("%p", &t);
11:   }
12: 
13:   return 0;
14: }
15: int t(void) { void ((*volatile p)()); p = (void ((*)()))ENGINE_load_ubsec; return !p; }
/* end */

"gcc -o conftest -I/usr/include/ruby/2.3 -I/usr/include/ruby/2.3/ruby/backward -I/usr/include/ruby/2.3 -I.     -O2 -g -pipe -Wall -Wp,-D_FORTIFY_SOURCE=2 -fexceptions -fstack-protector --param=ssp-buffer-size=4 -mtune=generic -fPIC  conftest.c  -L. -L/usr/lib64 -L. -fstack-protector -rdynamic -Wl,-export-dynamic   -m64   -lssl -lcrypto -L/usr/lib64/ruby/2.3 -lruby -Werror=deprecated-declarations  -lssl -lcrypto -lpthread -ldl -lcrypt -lm   -lc"
/tmp/ccfpvGt9.o: In function `t':
/var/www/html/Ludus/vendor/bundle/ruby/2.3/gems/openssl-2.1.2/ext/openssl/conftest.c:16: undefined reference to `ENGINE_load_ubsec'
collect2: error: ld returned 1 exit status
checked program was:
/* begin */
 1: #include "ruby.h"
 2: 
 3: #include <openssl/engine.h>
 4: 
 5: /*top*/
 6: extern int t(void);
 7: int main(int argc, char **argv)
 8: {
 9:   if (argc > 1000000) {
10:     printf("%p", &t);
11:   }
12: 
13:   return 0;
14: }
15: extern void ENGINE_load_ubsec();
16: int t(void) { ENGINE_load_ubsec(); return 0; }
/* end */

--------------------

have_macro: checking for ENGINE_load_ubsec in openssl/engine.h... -------------------- no

"gcc -I/usr/include/ruby/2.3 -I/usr/include/ruby/2.3/ruby/backward -I/usr/include/ruby/2.3 -I.     -O2 -g -pipe -Wall -Wp,-D_FORTIFY_SOURCE=2 -fexceptions -fstack-protector --param=ssp-buffer-size=4 -mtune=generic -fPIC  -m64  -c conftest.c"
conftest.c:6:3: error: #error 
 # error
   ^
conftest.c:7:1: error: expected identifier or ‘(’ before ‘|’ token
 |:/ === ENGINE_load_ubsec undefined === /:|
 ^
checked program was:
/* begin */
1: #include "ruby.h"
2: 
3: #include <openssl/engine.h>
4: /*top*/
5: #ifndef ENGINE_load_ubsec
6: # error
7: |:/ === ENGINE_load_ubsec undefined === /:|
8: #endif
/* end */

--------------------

have_func: checking for ENGINE_load_padlock() in openssl/engine.h with -Werror=deprecated-declarations... -------------------- no

"gcc -o conftest -I/usr/include/ruby/2.3 -I/usr/include/ruby/2.3/ruby/backward -I/usr/include/ruby/2.3 -I.     -O2 -g -pipe -Wall -Wp,-D_FORTIFY_SOURCE=2 -fexceptions -fstack-protector --param=ssp-buffer-size=4 -mtune=generic -fPIC  conftest.c  -L. -L/usr/lib64 -L. -fstack-protector -rdynamic -Wl,-export-dynamic   -m64   -lssl -lcrypto -L/usr/lib64/ruby/2.3 -lruby -Werror=deprecated-declarations  -lssl -lcrypto -lpthread -ldl -lcrypt -lm   -lc"
conftest.c: In function ‘t’:
conftest.c:15:57: error: ‘ENGINE_load_padlock’ undeclared (first use in this function)
 int t(void) { void ((*volatile p)()); p = (void ((*)()))ENGINE_load_padlock; return !p; }
                                                         ^
conftest.c:15:57: note: each undeclared identifier is reported only once for each function it appears in
checked program was:
/* begin */
 1: #include "ruby.h"
 2: 
 3: #include <openssl/engine.h>
 4: 
 5: /*top*/
 6: extern int t(void);
 7: int main(int argc, char **argv)
 8: {
 9:   if (argc > 1000000) {
10:     printf("%p", &t);
11:   }
12: 
13:   return 0;
14: }
15: int t(void) { void ((*volatile p)()); p = (void ((*)()))ENGINE_load_padlock; return !p; }
/* end */

"gcc -o conftest -I/usr/include/ruby/2.3 -I/usr/include/ruby/2.3/ruby/backward -I/usr/include/ruby/2.3 -I.     -O2 -g -pipe -Wall -Wp,-D_FORTIFY_SOURCE=2 -fexceptions -fstack-protector --param=ssp-buffer-size=4 -mtune=generic -fPIC  conftest.c  -L. -L/usr/lib64 -L. -fstack-protector -rdynamic -Wl,-export-dynamic   -m64   -lssl -lcrypto -L/usr/lib64/ruby/2.3 -lruby -Werror=deprecated-declarations  -lssl -lcrypto -lpthread -ldl -lcrypt -lm   -lc"
/tmp/ccMNqDGj.o: In function `t':
/var/www/html/Ludus/vendor/bundle/ruby/2.3/gems/openssl-2.1.2/ext/openssl/conftest.c:16: undefined reference to `ENGINE_load_padlock'
collect2: error: ld returned 1 exit status
checked program was:
/* begin */
 1: #include "ruby.h"
 2: 
 3: #include <openssl/engine.h>
 4: 
 5: /*top*/
 6: extern int t(void);
 7: int main(int argc, char **argv)
 8: {
 9:   if (argc > 1000000) {
10:     printf("%p", &t);
11:   }
12: 
13:   return 0;
14: }
15: extern void ENGINE_load_padlock();
16: int t(void) { ENGINE_load_padlock(); return 0; }
/* end */

--------------------

have_macro: checking for ENGINE_load_padlock in openssl/engine.h... -------------------- no

"gcc -I/usr/include/ruby/2.3 -I/usr/include/ruby/2.3/ruby/backward -I/usr/include/ruby/2.3 -I.     -O2 -g -pipe -Wall -Wp,-D_FORTIFY_SOURCE=2 -fexceptions -fstack-protector --param=ssp-buffer-size=4 -mtune=generic -fPIC  -m64  -c conftest.c"
conftest.c:6:3: error: #error 
 # error
   ^
conftest.c:7:1: error: expected identifier or ‘(’ before ‘|’ token
 |:/ === ENGINE_load_padlock undefined === /:|
 ^
checked program was:
/* begin */
1: #include "ruby.h"
2: 
3: #include <openssl/engine.h>
4: /*top*/
5: #ifndef ENGINE_load_padlock
6: # error
7: |:/ === ENGINE_load_padlock undefined === /:|
8: #endif
/* end */

--------------------

have_func: checking for ENGINE_load_capi() in openssl/engine.h with -Werror=deprecated-declarations... -------------------- no

"gcc -o conftest -I/usr/include/ruby/2.3 -I/usr/include/ruby/2.3/ruby/backward -I/usr/include/ruby/2.3 -I.     -O2 -g -pipe -Wall -Wp,-D_FORTIFY_SOURCE=2 -fexceptions -fstack-protector --param=ssp-buffer-size=4 -mtune=generic -fPIC  conftest.c  -L. -L/usr/lib64 -L. -fstack-protector -rdynamic -Wl,-export-dynamic   -m64   -lssl -lcrypto -L/usr/lib64/ruby/2.3 -lruby -Werror=deprecated-declarations  -lssl -lcrypto -lpthread -ldl -lcrypt -lm   -lc"
conftest.c: In function ‘t’:
conftest.c:15:57: error: ‘ENGINE_load_capi’ undeclared (first use in this function)
 int t(void) { void ((*volatile p)()); p = (void ((*)()))ENGINE_load_capi; return !p; }
                                                         ^
conftest.c:15:57: note: each undeclared identifier is reported only once for each function it appears in
checked program was:
/* begin */
 1: #include "ruby.h"
 2: 
 3: #include <openssl/engine.h>
 4: 
 5: /*top*/
 6: extern int t(void);
 7: int main(int argc, char **argv)
 8: {
 9:   if (argc > 1000000) {
10:     printf("%p", &t);
11:   }
12: 
13:   return 0;
14: }
15: int t(void) { void ((*volatile p)()); p = (void ((*)()))ENGINE_load_capi; return !p; }
/* end */

"gcc -o conftest -I/usr/include/ruby/2.3 -I/usr/include/ruby/2.3/ruby/backward -I/usr/include/ruby/2.3 -I.     -O2 -g -pipe -Wall -Wp,-D_FORTIFY_SOURCE=2 -fexceptions -fstack-protector --param=ssp-buffer-size=4 -mtune=generic -fPIC  conftest.c  -L. -L/usr/lib64 -L. -fstack-protector -rdynamic -Wl,-export-dynamic   -m64   -lssl -lcrypto -L/usr/lib64/ruby/2.3 -lruby -Werror=deprecated-declarations  -lssl -lcrypto -lpthread -ldl -lcrypt -lm   -lc"
/tmp/cc4F5SxE.o: In function `t':
/var/www/html/Ludus/vendor/bundle/ruby/2.3/gems/openssl-2.1.2/ext/openssl/conftest.c:16: undefined reference to `ENGINE_load_capi'
collect2: error: ld returned 1 exit status
checked program was:
/* begin */
 1: #include "ruby.h"
 2: 
 3: #include <openssl/engine.h>
 4: 
 5: /*top*/
 6: extern int t(void);
 7: int main(int argc, char **argv)
 8: {
 9:   if (argc > 1000000) {
10:     printf("%p", &t);
11:   }
12: 
13:   return 0;
14: }
15: extern void ENGINE_load_capi();
16: int t(void) { ENGINE_load_capi(); return 0; }
/* end */

--------------------

have_macro: checking for ENGINE_load_capi in openssl/engine.h... -------------------- no

"gcc -I/usr/include/ruby/2.3 -I/usr/include/ruby/2.3/ruby/backward -I/usr/include/ruby/2.3 -I.     -O2 -g -pipe -Wall -Wp,-D_FORTIFY_SOURCE=2 -fexceptions -fstack-protector --param=ssp-buffer-size=4 -mtune=generic -fPIC  -m64  -c conftest.c"
conftest.c:6:3: error: #error 
 # error
   ^
conftest.c:7:1: error: expected identifier or ‘(’ before ‘|’ token
 |:/ === ENGINE_load_capi undefined === /:|
 ^
checked program was:
/* begin */
1: #include "ruby.h"
2: 
3: #include <openssl/engine.h>
4: /*top*/
5: #ifndef ENGINE_load_capi
6: # error
7: |:/ === ENGINE_load_capi undefined === /:|
8: #endif
/* end */

--------------------

have_func: checking for ENGINE_load_gmp() in openssl/engine.h with -Werror=deprecated-declarations... -------------------- no

"gcc -o conftest -I/usr/include/ruby/2.3 -I/usr/include/ruby/2.3/ruby/backward -I/usr/include/ruby/2.3 -I.     -O2 -g -pipe -Wall -Wp,-D_FORTIFY_SOURCE=2 -fexceptions -fstack-protector --param=ssp-buffer-size=4 -mtune=generic -fPIC  conftest.c  -L. -L/usr/lib64 -L. -fstack-protector -rdynamic -Wl,-export-dynamic   -m64   -lssl -lcrypto -L/usr/lib64/ruby/2.3 -lruby -Werror=deprecated-declarations  -lssl -lcrypto -lpthread -ldl -lcrypt -lm   -lc"
conftest.c: In function ‘t’:
conftest.c:15:57: error: ‘ENGINE_load_gmp’ undeclared (first use in this function)
 int t(void) { void ((*volatile p)()); p = (void ((*)()))ENGINE_load_gmp; return !p; }
                                                         ^
conftest.c:15:57: note: each undeclared identifier is reported only once for each function it appears in
checked program was:
/* begin */
 1: #include "ruby.h"
 2: 
 3: #include <openssl/engine.h>
 4: 
 5: /*top*/
 6: extern int t(void);
 7: int main(int argc, char **argv)
 8: {
 9:   if (argc > 1000000) {
10:     printf("%p", &t);
11:   }
12: 
13:   return 0;
14: }
15: int t(void) { void ((*volatile p)()); p = (void ((*)()))ENGINE_load_gmp; return !p; }
/* end */

"gcc -o conftest -I/usr/include/ruby/2.3 -I/usr/include/ruby/2.3/ruby/backward -I/usr/include/ruby/2.3 -I.     -O2 -g -pipe -Wall -Wp,-D_FORTIFY_SOURCE=2 -fexceptions -fstack-protector --param=ssp-buffer-size=4 -mtune=generic -fPIC  conftest.c  -L. -L/usr/lib64 -L. -fstack-protector -rdynamic -Wl,-export-dynamic   -m64   -lssl -lcrypto -L/usr/lib64/ruby/2.3 -lruby -Werror=deprecated-declarations  -lssl -lcrypto -lpthread -ldl -lcrypt -lm   -lc"
/tmp/ccjr7fr0.o: In function `t':
/var/www/html/Ludus/vendor/bundle/ruby/2.3/gems/openssl-2.1.2/ext/openssl/conftest.c:16: undefined reference to `ENGINE_load_gmp'
collect2: error: ld returned 1 exit status
checked program was:
/* begin */
 1: #include "ruby.h"
 2: 
 3: #include <openssl/engine.h>
 4: 
 5: /*top*/
 6: extern int t(void);
 7: int main(int argc, char **argv)
 8: {
 9:   if (argc > 1000000) {
10:     printf("%p", &t);
11:   }
12: 
13:   return 0;
14: }
15: extern void ENGINE_load_gmp();
16: int t(void) { ENGINE_load_gmp(); return 0; }
/* end */

--------------------

have_macro: checking for ENGINE_load_gmp in openssl/engine.h... -------------------- no

"gcc -I/usr/include/ruby/2.3 -I/usr/include/ruby/2.3/ruby/backward -I/usr/include/ruby/2.3 -I.     -O2 -g -pipe -Wall -Wp,-D_FORTIFY_SOURCE=2 -fexceptions -fstack-protector --param=ssp-buffer-size=4 -mtune=generic -fPIC  -m64  -c conftest.c"
conftest.c:6:3: error: #error 
 # error
   ^
conftest.c:7:1: error: expected identifier or ‘(’ before ‘|’ token
 |:/ === ENGINE_load_gmp undefined === /:|
 ^
checked program was:
/* begin */
1: #include "ruby.h"
2: 
3: #include <openssl/engine.h>
4: /*top*/
5: #ifndef ENGINE_load_gmp
6: # error
7: |:/ === ENGINE_load_gmp undefined === /:|
8: #endif
/* end */

--------------------

have_func: checking for ENGINE_load_gost() in openssl/engine.h with -Werror=deprecated-declarations... -------------------- no

"gcc -o conftest -I/usr/include/ruby/2.3 -I/usr/include/ruby/2.3/ruby/backward -I/usr/include/ruby/2.3 -I.     -O2 -g -pipe -Wall -Wp,-D_FORTIFY_SOURCE=2 -fexceptions -fstack-protector --param=ssp-buffer-size=4 -mtune=generic -fPIC  conftest.c  -L. -L/usr/lib64 -L. -fstack-protector -rdynamic -Wl,-export-dynamic   -m64   -lssl -lcrypto -L/usr/lib64/ruby/2.3 -lruby -Werror=deprecated-declarations  -lssl -lcrypto -lpthread -ldl -lcrypt -lm   -lc"
conftest.c: In function ‘t’:
conftest.c:15:57: error: ‘ENGINE_load_gost’ undeclared (first use in this function)
 int t(void) { void ((*volatile p)()); p = (void ((*)()))ENGINE_load_gost; return !p; }
                                                         ^
conftest.c:15:57: note: each undeclared identifier is reported only once for each function it appears in
checked program was:
/* begin */
 1: #include "ruby.h"
 2: 
 3: #include <openssl/engine.h>
 4: 
 5: /*top*/
 6: extern int t(void);
 7: int main(int argc, char **argv)
 8: {
 9:   if (argc > 1000000) {
10:     printf("%p", &t);
11:   }
12: 
13:   return 0;
14: }
15: int t(void) { void ((*volatile p)()); p = (void ((*)()))ENGINE_load_gost; return !p; }
/* end */

"gcc -o conftest -I/usr/include/ruby/2.3 -I/usr/include/ruby/2.3/ruby/backward -I/usr/include/ruby/2.3 -I.     -O2 -g -pipe -Wall -Wp,-D_FORTIFY_SOURCE=2 -fexceptions -fstack-protector --param=ssp-buffer-size=4 -mtune=generic -fPIC  conftest.c  -L. -L/usr/lib64 -L. -fstack-protector -rdynamic -Wl,-export-dynamic   -m64   -lssl -lcrypto -L/usr/lib64/ruby/2.3 -lruby -Werror=deprecated-declarations  -lssl -lcrypto -lpthread -ldl -lcrypt -lm   -lc"
/tmp/ccT4hctm.o: In function `t':
/var/www/html/Ludus/vendor/bundle/ruby/2.3/gems/openssl-2.1.2/ext/openssl/conftest.c:16: undefined reference to `ENGINE_load_gost'
collect2: error: ld returned 1 exit status
checked program was:
/* begin */
 1: #include "ruby.h"
 2: 
 3: #include <openssl/engine.h>
 4: 
 5: /*top*/
 6: extern int t(void);
 7: int main(int argc, char **argv)
 8: {
 9:   if (argc > 1000000) {
10:     printf("%p", &t);
11:   }
12: 
13:   return 0;
14: }
15: extern void ENGINE_load_gost();
16: int t(void) { ENGINE_load_gost(); return 0; }
/* end */

--------------------

have_macro: checking for ENGINE_load_gost in openssl/engine.h... -------------------- no

"gcc -I/usr/include/ruby/2.3 -I/usr/include/ruby/2.3/ruby/backward -I/usr/include/ruby/2.3 -I.     -O2 -g -pipe -Wall -Wp,-D_FORTIFY_SOURCE=2 -fexceptions -fstack-protector --param=ssp-buffer-size=4 -mtune=generic -fPIC  -m64  -c conftest.c"
conftest.c:6:3: error: #error 
 # error
   ^
conftest.c:7:1: error: expected identifier or ‘(’ before ‘|’ token
 |:/ === ENGINE_load_gost undefined === /:|
 ^
checked program was:
/* begin */
1: #include "ruby.h"
2: 
3: #include <openssl/engine.h>
4: /*top*/
5: #ifndef ENGINE_load_gost
6: # error
7: |:/ === ENGINE_load_gost undefined === /:|
8: #endif
/* end */

--------------------

have_func: checking for ENGINE_load_cryptodev() in openssl/engine.h with -Werror=deprecated-declarations... -------------------- yes

"gcc -o conftest -I/usr/include/ruby/2.3 -I/usr/include/ruby/2.3/ruby/backward -I/usr/include/ruby/2.3 -I.     -O2 -g -pipe -Wall -Wp,-D_FORTIFY_SOURCE=2 -fexceptions -fstack-protector --param=ssp-buffer-size=4 -mtune=generic -fPIC  conftest.c  -L. -L/usr/lib64 -L. -fstack-protector -rdynamic -Wl,-export-dynamic   -m64   -lssl -lcrypto -L/usr/lib64/ruby/2.3 -lruby -Werror=deprecated-declarations  -lssl -lcrypto -lpthread -ldl -lcrypt -lm   -lc"
checked program was:
/* begin */
 1: #include "ruby.h"
 2: 
 3: #include <openssl/engine.h>
 4: 
 5: /*top*/
 6: extern int t(void);
 7: int main(int argc, char **argv)
 8: {
 9:   if (argc > 1000000) {
10:     printf("%p", &t);
11:   }
12: 
13:   return 0;
14: }
15: int t(void) { void ((*volatile p)()); p = (void ((*)()))ENGINE_load_cryptodev; return !p; }
/* end */

--------------------

have_func: checking for ENGINE_load_aesni() in openssl/engine.h with -Werror=deprecated-declarations... -------------------- yes

"gcc -o conftest -I/usr/include/ruby/2.3 -I/usr/include/ruby/2.3/ruby/backward -I/usr/include/ruby/2.3 -I.     -O2 -g -pipe -Wall -Wp,-D_FORTIFY_SOURCE=2 -fexceptions -fstack-protector --param=ssp-buffer-size=4 -mtune=generic -fPIC  conftest.c  -L. -L/usr/lib64 -L. -fstack-protector -rdynamic -Wl,-export-dynamic   -m64   -lssl -lcrypto -L/usr/lib64/ruby/2.3 -lruby -Werror=deprecated-declarations  -lssl -lcrypto -lpthread -ldl -lcrypt -lm   -lc"
conftest.c: In function ‘t’:
conftest.c:15:57: error: ‘ENGINE_load_aesni’ undeclared (first use in this function)
 int t(void) { void ((*volatile p)()); p = (void ((*)()))ENGINE_load_aesni; return !p; }
                                                         ^
conftest.c:15:57: note: each undeclared identifier is reported only once for each function it appears in
checked program was:
/* begin */
 1: #include "ruby.h"
 2: 
 3: #include <openssl/engine.h>
 4: 
 5: /*top*/
 6: extern int t(void);
 7: int main(int argc, char **argv)
 8: {
 9:   if (argc > 1000000) {
10:     printf("%p", &t);
11:   }
12: 
13:   return 0;
14: }
15: int t(void) { void ((*volatile p)()); p = (void ((*)()))ENGINE_load_aesni; return !p; }
/* end */

"gcc -o conftest -I/usr/include/ruby/2.3 -I/usr/include/ruby/2.3/ruby/backward -I/usr/include/ruby/2.3 -I.     -O2 -g -pipe -Wall -Wp,-D_FORTIFY_SOURCE=2 -fexceptions -fstack-protector --param=ssp-buffer-size=4 -mtune=generic -fPIC  conftest.c  -L. -L/usr/lib64 -L. -fstack-protector -rdynamic -Wl,-export-dynamic   -m64   -lssl -lcrypto -L/usr/lib64/ruby/2.3 -lruby -Werror=deprecated-declarations  -lssl -lcrypto -lpthread -ldl -lcrypt -lm   -lc"
checked program was:
/* begin */
 1: #include "ruby.h"
 2: 
 3: #include <openssl/engine.h>
 4: 
 5: /*top*/
 6: extern int t(void);
 7: int main(int argc, char **argv)
 8: {
 9:   if (argc > 1000000) {
10:     printf("%p", &t);
11:   }
12: 
13:   return 0;
14: }
15: extern void ENGINE_load_aesni();
16: int t(void) { ENGINE_load_aesni(); return 0; }
/* end */

--------------------

have_func: checking for EC_curve_nist2nid()... -------------------- yes

"gcc -o conftest -I/usr/include/ruby/2.3 -I/usr/include/ruby/2.3/ruby/backward -I/usr/include/ruby/2.3 -I.     -O2 -g -pipe -Wall -Wp,-D_FORTIFY_SOURCE=2 -fexceptions -fstack-protector --param=ssp-buffer-size=4 -mtune=generic -fPIC  conftest.c  -L. -L/usr/lib64 -L. -fstack-protector -rdynamic -Wl,-export-dynamic   -m64   -lssl -lcrypto -L/usr/lib64/ruby/2.3 -lruby  -lssl -lcrypto -lpthread -ldl -lcrypt -lm   -lc"
conftest.c: In function ‘t’:
conftest.c:13:57: error: ‘EC_curve_nist2nid’ undeclared (first use in this function)
 int t(void) { void ((*volatile p)()); p = (void ((*)()))EC_curve_nist2nid; return !p; }
                                                         ^
conftest.c:13:57: note: each undeclared identifier is reported only once for each function it appears in
checked program was:
/* begin */
 1: #include "ruby.h"
 2: 
 3: /*top*/
 4: extern int t(void);
 5: int main(int argc, char **argv)
 6: {
 7:   if (argc > 1000000) {
 8:     printf("%p", &t);
 9:   }
10: 
11:   return 0;
12: }
13: int t(void) { void ((*volatile p)()); p = (void ((*)()))EC_curve_nist2nid; return !p; }
/* end */

"gcc -o conftest -I/usr/include/ruby/2.3 -I/usr/include/ruby/2.3/ruby/backward -I/usr/include/ruby/2.3 -I.     -O2 -g -pipe -Wall -Wp,-D_FORTIFY_SOURCE=2 -fexceptions -fstack-protector --param=ssp-buffer-size=4 -mtune=generic -fPIC  conftest.c  -L. -L/usr/lib64 -L. -fstack-protector -rdynamic -Wl,-export-dynamic   -m64   -lssl -lcrypto -L/usr/lib64/ruby/2.3 -lruby  -lssl -lcrypto -lpthread -ldl -lcrypt -lm   -lc"
checked program was:
/* begin */
 1: #include "ruby.h"
 2: 
 3: /*top*/
 4: extern int t(void);
 5: int main(int argc, char **argv)
 6: {
 7:   if (argc > 1000000) {
 8:     printf("%p", &t);
 9:   }
10: 
11:   return 0;
12: }
13: extern void EC_curve_nist2nid();
14: int t(void) { EC_curve_nist2nid(); return 0; }
/* end */

--------------------

have_func: checking for X509_REVOKED_dup()... -------------------- yes

"gcc -o conftest -I/usr/include/ruby/2.3 -I/usr/include/ruby/2.3/ruby/backward -I/usr/include/ruby/2.3 -I.     -O2 -g -pipe -Wall -Wp,-D_FORTIFY_SOURCE=2 -fexceptions -fstack-protector --param=ssp-buffer-size=4 -mtune=generic -fPIC  conftest.c  -L. -L/usr/lib64 -L. -fstack-protector -rdynamic -Wl,-export-dynamic   -m64   -lssl -lcrypto -L/usr/lib64/ruby/2.3 -lruby  -lssl -lcrypto -lpthread -ldl -lcrypt -lm   -lc"
conftest.c: In function ‘t’:
conftest.c:13:57: error: ‘X509_REVOKED_dup’ undeclared (first use in this function)
 int t(void) { void ((*volatile p)()); p = (void ((*)()))X509_REVOKED_dup; return !p; }
                                                         ^
conftest.c:13:57: note: each undeclared identifier is reported only once for each function it appears in
checked program was:
/* begin */
 1: #include "ruby.h"
 2: 
 3: /*top*/
 4: extern int t(void);
 5: int main(int argc, char **argv)
 6: {
 7:   if (argc > 1000000) {
 8:     printf("%p", &t);
 9:   }
10: 
11:   return 0;
12: }
13: int t(void) { void ((*volatile p)()); p = (void ((*)()))X509_REVOKED_dup; return !p; }
/* end */

"gcc -o conftest -I/usr/include/ruby/2.3 -I/usr/include/ruby/2.3/ruby/backward -I/usr/include/ruby/2.3 -I.     -O2 -g -pipe -Wall -Wp,-D_FORTIFY_SOURCE=2 -fexceptions -fstack-protector --param=ssp-buffer-size=4 -mtune=generic -fPIC  conftest.c  -L. -L/usr/lib64 -L. -fstack-protector -rdynamic -Wl,-export-dynamic   -m64   -lssl -lcrypto -L/usr/lib64/ruby/2.3 -lruby  -lssl -lcrypto -lpthread -ldl -lcrypt -lm   -lc"
checked program was:
/* begin */
 1: #include "ruby.h"
 2: 
 3: /*top*/
 4: extern int t(void);
 5: int main(int argc, char **argv)
 6: {
 7:   if (argc > 1000000) {
 8:     printf("%p", &t);
 9:   }
10: 
11:   return 0;
12: }
13: extern void X509_REVOKED_dup();
14: int t(void) { X509_REVOKED_dup(); return 0; }
/* end */

--------------------

have_func: checking for X509_STORE_CTX_get0_store()... -------------------- yes

"gcc -o conftest -I/usr/include/ruby/2.3 -I/usr/include/ruby/2.3/ruby/backward -I/usr/include/ruby/2.3 -I.     -O2 -g -pipe -Wall -Wp,-D_FORTIFY_SOURCE=2 -fexceptions -fstack-protector --param=ssp-buffer-size=4 -mtune=generic -fPIC  conftest.c  -L. -L/usr/lib64 -L. -fstack-protector -rdynamic -Wl,-export-dynamic   -m64   -lssl -lcrypto -L/usr/lib64/ruby/2.3 -lruby  -lssl -lcrypto -lpthread -ldl -lcrypt -lm   -lc"
conftest.c: In function ‘t’:
conftest.c:13:57: error: ‘X509_STORE_CTX_get0_store’ undeclared (first use in this function)
 int t(void) { void ((*volatile p)()); p = (void ((*)()))X509_STORE_CTX_get0_store; return !p; }
                                                         ^
conftest.c:13:57: note: each undeclared identifier is reported only once for each function it appears in
checked program was:
/* begin */
 1: #include "ruby.h"
 2: 
 3: /*top*/
 4: extern int t(void);
 5: int main(int argc, char **argv)
 6: {
 7:   if (argc > 1000000) {
 8:     printf("%p", &t);
 9:   }
10: 
11:   return 0;
12: }
13: int t(void) { void ((*volatile p)()); p = (void ((*)()))X509_STORE_CTX_get0_store; return !p; }
/* end */

"gcc -o conftest -I/usr/include/ruby/2.3 -I/usr/include/ruby/2.3/ruby/backward -I/usr/include/ruby/2.3 -I.     -O2 -g -pipe -Wall -Wp,-D_FORTIFY_SOURCE=2 -fexceptions -fstack-protector --param=ssp-buffer-size=4 -mtune=generic -fPIC  conftest.c  -L. -L/usr/lib64 -L. -fstack-protector -rdynamic -Wl,-export-dynamic   -m64   -lssl -lcrypto -L/usr/lib64/ruby/2.3 -lruby  -lssl -lcrypto -lpthread -ldl -lcrypt -lm   -lc"
checked program was:
/* begin */
 1: #include "ruby.h"
 2: 
 3: /*top*/
 4: extern int t(void);
 5: int main(int argc, char **argv)
 6: {
 7:   if (argc > 1000000) {
 8:     printf("%p", &t);
 9:   }
10: 
11:   return 0;
12: }
13: extern void X509_STORE_CTX_get0_store();
14: int t(void) { X509_STORE_CTX_get0_store(); return 0; }
/* end */

--------------------

have_func: checking for SSL_CTX_set_alpn_select_cb()... -------------------- yes

"gcc -o conftest -I/usr/include/ruby/2.3 -I/usr/include/ruby/2.3/ruby/backward -I/usr/include/ruby/2.3 -I.     -O2 -g -pipe -Wall -Wp,-D_FORTIFY_SOURCE=2 -fexceptions -fstack-protector --param=ssp-buffer-size=4 -mtune=generic -fPIC  conftest.c  -L. -L/usr/lib64 -L. -fstack-protector -rdynamic -Wl,-export-dynamic   -m64   -lssl -lcrypto -L/usr/lib64/ruby/2.3 -lruby  -lssl -lcrypto -lpthread -ldl -lcrypt -lm   -lc"
conftest.c: In function ‘t’:
conftest.c:13:57: error: ‘SSL_CTX_set_alpn_select_cb’ undeclared (first use in this function)
 int t(void) { void ((*volatile p)()); p = (void ((*)()))SSL_CTX_set_alpn_select_cb; return !p; }
                                                         ^
conftest.c:13:57: note: each undeclared identifier is reported only once for each function it appears in
checked program was:
/* begin */
 1: #include "ruby.h"
 2: 
 3: /*top*/
 4: extern int t(void);
 5: int main(int argc, char **argv)
 6: {
 7:   if (argc > 1000000) {
 8:     printf("%p", &t);
 9:   }
10: 
11:   return 0;
12: }
13: int t(void) { void ((*volatile p)()); p = (void ((*)()))SSL_CTX_set_alpn_select_cb; return !p; }
/* end */

"gcc -o conftest -I/usr/include/ruby/2.3 -I/usr/include/ruby/2.3/ruby/backward -I/usr/include/ruby/2.3 -I.     -O2 -g -pipe -Wall -Wp,-D_FORTIFY_SOURCE=2 -fexceptions -fstack-protector --param=ssp-buffer-size=4 -mtune=generic -fPIC  conftest.c  -L. -L/usr/lib64 -L. -fstack-protector -rdynamic -Wl,-export-dynamic   -m64   -lssl -lcrypto -L/usr/lib64/ruby/2.3 -lruby  -lssl -lcrypto -lpthread -ldl -lcrypt -lm   -lc"
checked program was:
/* begin */
 1: #include "ruby.h"
 2: 
 3: /*top*/
 4: extern int t(void);
 5: int main(int argc, char **argv)
 6: {
 7:   if (argc > 1000000) {
 8:     printf("%p", &t);
 9:   }
10: 
11:   return 0;
12: }
13: extern void SSL_CTX_set_alpn_select_cb();
14: int t(void) { SSL_CTX_set_alpn_select_cb(); return 0; }
/* end */

--------------------

have_func: checking for SSL_CTX_set1_curves_list() in openssl/ssl.h with -Werror=deprecated-declarations... -------------------- no

"gcc -o conftest -I/usr/include/ruby/2.3 -I/usr/include/ruby/2.3/ruby/backward -I/usr/include/ruby/2.3 -I.     -O2 -g -pipe -Wall -Wp,-D_FORTIFY_SOURCE=2 -fexceptions -fstack-protector --param=ssp-buffer-size=4 -mtune=generic -fPIC  conftest.c  -L. -L/usr/lib64 -L. -fstack-protector -rdynamic -Wl,-export-dynamic   -m64   -lssl -lcrypto -L/usr/lib64/ruby/2.3 -lruby -Werror=deprecated-declarations  -lssl -lcrypto -lpthread -ldl -lcrypt -lm   -lc"
conftest.c: In function ‘t’:
conftest.c:15:57: error: ‘SSL_CTX_set1_curves_list’ undeclared (first use in this function)
 int t(void) { void ((*volatile p)()); p = (void ((*)()))SSL_CTX_set1_curves_list; return !p; }
                                                         ^
conftest.c:15:57: note: each undeclared identifier is reported only once for each function it appears in
checked program was:
/* begin */
 1: #include "ruby.h"
 2: 
 3: #include <openssl/ssl.h>
 4: 
 5: /*top*/
 6: extern int t(void);
 7: int main(int argc, char **argv)
 8: {
 9:   if (argc > 1000000) {
10:     printf("%p", &t);
11:   }
12: 
13:   return 0;
14: }
15: int t(void) { void ((*volatile p)()); p = (void ((*)()))SSL_CTX_set1_curves_list; return !p; }
/* end */

"gcc -o conftest -I/usr/include/ruby/2.3 -I/usr/include/ruby/2.3/ruby/backward -I/usr/include/ruby/2.3 -I.     -O2 -g -pipe -Wall -Wp,-D_FORTIFY_SOURCE=2 -fexceptions -fstack-protector --param=ssp-buffer-size=4 -mtune=generic -fPIC  conftest.c  -L. -L/usr/lib64 -L. -fstack-protector -rdynamic -Wl,-export-dynamic   -m64   -lssl -lcrypto -L/usr/lib64/ruby/2.3 -lruby -Werror=deprecated-declarations  -lssl -lcrypto -lpthread -ldl -lcrypt -lm   -lc"
conftest.c:15:38: error: macro "SSL_CTX_set1_curves_list" requires 2 arguments, but only 1 given
 extern void SSL_CTX_set1_curves_list();
                                      ^
conftest.c: In function ‘t’:
conftest.c:16:40: error: macro "SSL_CTX_set1_curves_list" requires 2 arguments, but only 1 given
 int t(void) { SSL_CTX_set1_curves_list(); return 0; }
                                        ^
checked program was:
/* begin */
 1: #include "ruby.h"
 2: 
 3: #include <openssl/ssl.h>
 4: 
 5: /*top*/
 6: extern int t(void);
 7: int main(int argc, char **argv)
 8: {
 9:   if (argc > 1000000) {
10:     printf("%p", &t);
11:   }
12: 
13:   return 0;
14: }
15: extern void SSL_CTX_set1_curves_list();
16: int t(void) { SSL_CTX_set1_curves_list(); return 0; }
/* end */

--------------------

have_macro: checking for SSL_CTX_set1_curves_list in openssl/ssl.h... -------------------- yes

"gcc -I/usr/include/ruby/2.3 -I/usr/include/ruby/2.3/ruby/backward -I/usr/include/ruby/2.3 -I.     -O2 -g -pipe -Wall -Wp,-D_FORTIFY_SOURCE=2 -fexceptions -fstack-protector --param=ssp-buffer-size=4 -mtune=generic -fPIC  -m64  -c conftest.c"
checked program was:
/* begin */
1: #include "ruby.h"
2: 
3: #include <openssl/ssl.h>
4: /*top*/
5: #ifndef SSL_CTX_set1_curves_list
6: # error
7: |:/ === SSL_CTX_set1_curves_list undefined === /:|
8: #endif
/* end */

--------------------

have_func: checking for SSL_CTX_set_ecdh_auto() in openssl/ssl.h with -Werror=deprecated-declarations... -------------------- no

"gcc -o conftest -I/usr/include/ruby/2.3 -I/usr/include/ruby/2.3/ruby/backward -I/usr/include/ruby/2.3 -I.     -O2 -g -pipe -Wall -Wp,-D_FORTIFY_SOURCE=2 -fexceptions -fstack-protector --param=ssp-buffer-size=4 -mtune=generic -fPIC  conftest.c  -L. -L/usr/lib64 -L. -fstack-protector -rdynamic -Wl,-export-dynamic   -m64   -lssl -lcrypto -L/usr/lib64/ruby/2.3 -lruby -Werror=deprecated-declarations  -lssl -lcrypto -lpthread -ldl -lcrypt -lm   -lc"
conftest.c: In function ‘t’:
conftest.c:15:57: error: ‘SSL_CTX_set_ecdh_auto’ undeclared (first use in this function)
 int t(void) { void ((*volatile p)()); p = (void ((*)()))SSL_CTX_set_ecdh_auto; return !p; }
                                                         ^
conftest.c:15:57: note: each undeclared identifier is reported only once for each function it appears in
checked program was:
/* begin */
 1: #include "ruby.h"
 2: 
 3: #include <openssl/ssl.h>
 4: 
 5: /*top*/
 6: extern int t(void);
 7: int main(int argc, char **argv)
 8: {
 9:   if (argc > 1000000) {
10:     printf("%p", &t);
11:   }
12: 
13:   return 0;
14: }
15: int t(void) { void ((*volatile p)()); p = (void ((*)()))SSL_CTX_set_ecdh_auto; return !p; }
/* end */

"gcc -o conftest -I/usr/include/ruby/2.3 -I/usr/include/ruby/2.3/ruby/backward -I/usr/include/ruby/2.3 -I.     -O2 -g -pipe -Wall -Wp,-D_FORTIFY_SOURCE=2 -fexceptions -fstack-protector --param=ssp-buffer-size=4 -mtune=generic -fPIC  conftest.c  -L. -L/usr/lib64 -L. -fstack-protector -rdynamic -Wl,-export-dynamic   -m64   -lssl -lcrypto -L/usr/lib64/ruby/2.3 -lruby -Werror=deprecated-declarations  -lssl -lcrypto -lpthread -ldl -lcrypt -lm   -lc"
conftest.c:15:35: error: macro "SSL_CTX_set_ecdh_auto" requires 2 arguments, but only 1 given
 extern void SSL_CTX_set_ecdh_auto();
                                   ^
conftest.c: In function ‘t’:
conftest.c:16:37: error: macro "SSL_CTX_set_ecdh_auto" requires 2 arguments, but only 1 given
 int t(void) { SSL_CTX_set_ecdh_auto(); return 0; }
                                     ^
checked program was:
/* begin */
 1: #include "ruby.h"
 2: 
 3: #include <openssl/ssl.h>
 4: 
 5: /*top*/
 6: extern int t(void);
 7: int main(int argc, char **argv)
 8: {
 9:   if (argc > 1000000) {
10:     printf("%p", &t);
11:   }
12: 
13:   return 0;
14: }
15: extern void SSL_CTX_set_ecdh_auto();
16: int t(void) { SSL_CTX_set_ecdh_auto(); return 0; }
/* end */

--------------------

have_macro: checking for SSL_CTX_set_ecdh_auto in openssl/ssl.h... -------------------- yes

"gcc -I/usr/include/ruby/2.3 -I/usr/include/ruby/2.3/ruby/backward -I/usr/include/ruby/2.3 -I.     -O2 -g -pipe -Wall -Wp,-D_FORTIFY_SOURCE=2 -fexceptions -fstack-protector --param=ssp-buffer-size=4 -mtune=generic -fPIC  -m64  -c conftest.c"
checked program was:
/* begin */
1: #include "ruby.h"
2: 
3: #include <openssl/ssl.h>
4: /*top*/
5: #ifndef SSL_CTX_set_ecdh_auto
6: # error
7: |:/ === SSL_CTX_set_ecdh_auto undefined === /:|
8: #endif
/* end */

--------------------

have_func: checking for SSL_get_server_tmp_key() in openssl/ssl.h with -Werror=deprecated-declarations... -------------------- no

"gcc -o conftest -I/usr/include/ruby/2.3 -I/usr/include/ruby/2.3/ruby/backward -I/usr/include/ruby/2.3 -I.     -O2 -g -pipe -Wall -Wp,-D_FORTIFY_SOURCE=2 -fexceptions -fstack-protector --param=ssp-buffer-size=4 -mtune=generic -fPIC  conftest.c  -L. -L/usr/lib64 -L. -fstack-protector -rdynamic -Wl,-export-dynamic   -m64   -lssl -lcrypto -L/usr/lib64/ruby/2.3 -lruby -Werror=deprecated-declarations  -lssl -lcrypto -lpthread -ldl -lcrypt -lm   -lc"
conftest.c: In function ‘t’:
conftest.c:15:57: error: ‘SSL_get_server_tmp_key’ undeclared (first use in this function)
 int t(void) { void ((*volatile p)()); p = (void ((*)()))SSL_get_server_tmp_key; return !p; }
                                                         ^
conftest.c:15:57: note: each undeclared identifier is reported only once for each function it appears in
checked program was:
/* begin */
 1: #include "ruby.h"
 2: 
 3: #include <openssl/ssl.h>
 4: 
 5: /*top*/
 6: extern int t(void);
 7: int main(int argc, char **argv)
 8: {
 9:   if (argc > 1000000) {
10:     printf("%p", &t);
11:   }
12: 
13:   return 0;
14: }
15: int t(void) { void ((*volatile p)()); p = (void ((*)()))SSL_get_server_tmp_key; return !p; }
/* end */

"gcc -o conftest -I/usr/include/ruby/2.3 -I/usr/include/ruby/2.3/ruby/backward -I/usr/include/ruby/2.3 -I.     -O2 -g -pipe -Wall -Wp,-D_FORTIFY_SOURCE=2 -fexceptions -fstack-protector --param=ssp-buffer-size=4 -mtune=generic -fPIC  conftest.c  -L. -L/usr/lib64 -L. -fstack-protector -rdynamic -Wl,-export-dynamic   -m64   -lssl -lcrypto -L/usr/lib64/ruby/2.3 -lruby -Werror=deprecated-declarations  -lssl -lcrypto -lpthread -ldl -lcrypt -lm   -lc"
conftest.c:15:36: error: macro "SSL_get_server_tmp_key" requires 2 arguments, but only 1 given
 extern void SSL_get_server_tmp_key();
                                    ^
conftest.c: In function ‘t’:
conftest.c:16:38: error: macro "SSL_get_server_tmp_key" requires 2 arguments, but only 1 given
 int t(void) { SSL_get_server_tmp_key(); return 0; }
                                      ^
checked program was:
/* begin */
 1: #include "ruby.h"
 2: 
 3: #include <openssl/ssl.h>
 4: 
 5: /*top*/
 6: extern int t(void);
 7: int main(int argc, char **argv)
 8: {
 9:   if (argc > 1000000) {
10:     printf("%p", &t);
11:   }
12: 
13:   return 0;
14: }
15: extern void SSL_get_server_tmp_key();
16: int t(void) { SSL_get_server_tmp_key(); return 0; }
/* end */

--------------------

have_macro: checking for SSL_get_server_tmp_key in openssl/ssl.h... -------------------- yes

"gcc -I/usr/include/ruby/2.3 -I/usr/include/ruby/2.3/ruby/backward -I/usr/include/ruby/2.3 -I.     -O2 -g -pipe -Wall -Wp,-D_FORTIFY_SOURCE=2 -fexceptions -fstack-protector --param=ssp-buffer-size=4 -mtune=generic -fPIC  -m64  -c conftest.c"
checked program was:
/* begin */
1: #include "ruby.h"
2: 
3: #include <openssl/ssl.h>
4: /*top*/
5: #ifndef SSL_get_server_tmp_key
6: # error
7: |:/ === SSL_get_server_tmp_key undefined === /:|
8: #endif
/* end */

--------------------

have_func: checking for SSL_is_server()... -------------------- yes

"gcc -o conftest -I/usr/include/ruby/2.3 -I/usr/include/ruby/2.3/ruby/backward -I/usr/include/ruby/2.3 -I.     -O2 -g -pipe -Wall -Wp,-D_FORTIFY_SOURCE=2 -fexceptions -fstack-protector --param=ssp-buffer-size=4 -mtune=generic -fPIC  conftest.c  -L. -L/usr/lib64 -L. -fstack-protector -rdynamic -Wl,-export-dynamic   -m64   -lssl -lcrypto -L/usr/lib64/ruby/2.3 -lruby  -lssl -lcrypto -lpthread -ldl -lcrypt -lm   -lc"
conftest.c: In function ‘t’:
conftest.c:13:57: error: ‘SSL_is_server’ undeclared (first use in this function)
 int t(void) { void ((*volatile p)()); p = (void ((*)()))SSL_is_server; return !p; }
                                                         ^
conftest.c:13:57: note: each undeclared identifier is reported only once for each function it appears in
checked program was:
/* begin */
 1: #include "ruby.h"
 2: 
 3: /*top*/
 4: extern int t(void);
 5: int main(int argc, char **argv)
 6: {
 7:   if (argc > 1000000) {
 8:     printf("%p", &t);
 9:   }
10: 
11:   return 0;
12: }
13: int t(void) { void ((*volatile p)()); p = (void ((*)()))SSL_is_server; return !p; }
/* end */

"gcc -o conftest -I/usr/include/ruby/2.3 -I/usr/include/ruby/2.3/ruby/backward -I/usr/include/ruby/2.3 -I.     -O2 -g -pipe -Wall -Wp,-D_FORTIFY_SOURCE=2 -fexceptions -fstack-protector --param=ssp-buffer-size=4 -mtune=generic -fPIC  conftest.c  -L. -L/usr/lib64 -L. -fstack-protector -rdynamic -Wl,-export-dynamic   -m64   -lssl -lcrypto -L/usr/lib64/ruby/2.3 -lruby  -lssl -lcrypto -lpthread -ldl -lcrypt -lm   -lc"
checked program was:
/* begin */
 1: #include "ruby.h"
 2: 
 3: /*top*/
 4: extern int t(void);
 5: int main(int argc, char **argv)
 6: {
 7:   if (argc > 1000000) {
 8:     printf("%p", &t);
 9:   }
10: 
11:   return 0;
12: }
13: extern void SSL_is_server();
14: int t(void) { SSL_is_server(); return 0; }
/* end */

--------------------

have_struct_member: checking for SSL.ctx in openssl/ssl.h... -------------------- yes

"gcc -I/usr/include/ruby/2.3 -I/usr/include/ruby/2.3/ruby/backward -I/usr/include/ruby/2.3 -I.     -O2 -g -pipe -Wall -Wp,-D_FORTIFY_SOURCE=2 -fexceptions -fstack-protector --param=ssp-buffer-size=4 -mtune=generic -fPIC  -m64  -c conftest.c"
checked program was:
/* begin */
 1: #include "ruby.h"
 2: 
 3: #include <openssl/ssl.h>
 4: 
 5: /*top*/
 6: int s = (char *)&((SSL*)0)->ctx - (char *)0;
 7: int main(int argc, char **argv)
 8: {
 9:   return 0;
10: }
/* end */

--------------------

"gcc -I/usr/include/ruby/2.3 -I/usr/include/ruby/2.3/ruby/backward -I/usr/include/ruby/2.3 -I.     -O2 -g -pipe -Wall -Wp,-D_FORTIFY_SOURCE=2 -fexceptions -fstack-protector --param=ssp-buffer-size=4 -mtune=generic -fPIC  -m64  -c conftest.c"
conftest.c:6:21: error: ‘LIBRESSL_VERSION_NUMBER’ undeclared here (not in a function)
 int conftest_const[(LIBRESSL_VERSION_NUMBER >= 0x2070000fL) ? 1 : -1];
                     ^
checked program was:
/* begin */
1: #include "ruby.h"
2: 
3: #include <openssl/opensslv.h>
4: 
5: /*top*/
6: int conftest_const[(LIBRESSL_VERSION_NUMBER >= 0x2070000fL) ? 1 : -1];
/* end */

have_func: checking for CRYPTO_lock()... -------------------- yes

"gcc -o conftest -I/usr/include/ruby/2.3 -I/usr/include/ruby/2.3/ruby/backward -I/usr/include/ruby/2.3 -I.     -O2 -g -pipe -Wall -Wp,-D_FORTIFY_SOURCE=2 -fexceptions -fstack-protector --param=ssp-buffer-size=4 -mtune=generic -fPIC  conftest.c  -L. -L/usr/lib64 -L. -fstack-protector -rdynamic -Wl,-export-dynamic   -m64   -lssl -lcrypto -L/usr/lib64/ruby/2.3 -lruby  -lssl -lcrypto -lpthread -ldl -lcrypt -lm   -lc"
conftest.c: In function ‘t’:
conftest.c:13:57: error: ‘CRYPTO_lock’ undeclared (first use in this function)
 int t(void) { void ((*volatile p)()); p = (void ((*)()))CRYPTO_lock; return !p; }
                                                         ^
conftest.c:13:57: note: each undeclared identifier is reported only once for each function it appears in
checked program was:
/* begin */
 1: #include "ruby.h"
 2: 
 3: /*top*/
 4: extern int t(void);
 5: int main(int argc, char **argv)
 6: {
 7:   if (argc > 1000000) {
 8:     printf("%p", &t);
 9:   }
10: 
11:   return 0;
12: }
13: int t(void) { void ((*volatile p)()); p = (void ((*)()))CRYPTO_lock; return !p; }
/* end */

"gcc -o conftest -I/usr/include/ruby/2.3 -I/usr/include/ruby/2.3/ruby/backward -I/usr/include/ruby/2.3 -I.     -O2 -g -pipe -Wall -Wp,-D_FORTIFY_SOURCE=2 -fexceptions -fstack-protector --param=ssp-buffer-size=4 -mtune=generic -fPIC  conftest.c  -L. -L/usr/lib64 -L. -fstack-protector -rdynamic -Wl,-export-dynamic   -m64   -lssl -lcrypto -L/usr/lib64/ruby/2.3 -lruby  -lssl -lcrypto -lpthread -ldl -lcrypt -lm   -lc"
checked program was:
/* begin */
 1: #include "ruby.h"
 2: 
 3: /*top*/
 4: extern int t(void);
 5: int main(int argc, char **argv)
 6: {
 7:   if (argc > 1000000) {
 8:     printf("%p", &t);
 9:   }
10: 
11:   return 0;
12: }
13: extern void CRYPTO_lock();
14: int t(void) { CRYPTO_lock(); return 0; }
/* end */

--------------------

have_func: checking for BN_GENCB_new()... -------------------- no

"gcc -o conftest -I/usr/include/ruby/2.3 -I/usr/include/ruby/2.3/ruby/backward -I/usr/include/ruby/2.3 -I.     -O2 -g -pipe -Wall -Wp,-D_FORTIFY_SOURCE=2 -fexceptions -fstack-protector --param=ssp-buffer-size=4 -mtune=generic -fPIC  conftest.c  -L. -L/usr/lib64 -L. -fstack-protector -rdynamic -Wl,-export-dynamic   -m64   -lssl -lcrypto -L/usr/lib64/ruby/2.3 -lruby  -lssl -lcrypto -lpthread -ldl -lcrypt -lm   -lc"
conftest.c: In function ‘t’:
conftest.c:13:57: error: ‘BN_GENCB_new’ undeclared (first use in this function)
 int t(void) { void ((*volatile p)()); p = (void ((*)()))BN_GENCB_new; return !p; }
                                                         ^
conftest.c:13:57: note: each undeclared identifier is reported only once for each function it appears in
checked program was:
/* begin */
 1: #include "ruby.h"
 2: 
 3: /*top*/
 4: extern int t(void);
 5: int main(int argc, char **argv)
 6: {
 7:   if (argc > 1000000) {
 8:     printf("%p", &t);
 9:   }
10: 
11:   return 0;
12: }
13: int t(void) { void ((*volatile p)()); p = (void ((*)()))BN_GENCB_new; return !p; }
/* end */

"gcc -o conftest -I/usr/include/ruby/2.3 -I/usr/include/ruby/2.3/ruby/backward -I/usr/include/ruby/2.3 -I.     -O2 -g -pipe -Wall -Wp,-D_FORTIFY_SOURCE=2 -fexceptions -fstack-protector --param=ssp-buffer-size=4 -mtune=generic -fPIC  conftest.c  -L. -L/usr/lib64 -L. -fstack-protector -rdynamic -Wl,-export-dynamic   -m64   -lssl -lcrypto -L/usr/lib64/ruby/2.3 -lruby  -lssl -lcrypto -lpthread -ldl -lcrypt -lm   -lc"
/tmp/ccO9vyrX.o: In function `t':
/var/www/html/Ludus/vendor/bundle/ruby/2.3/gems/openssl-2.1.2/ext/openssl/conftest.c:14: undefined reference to `BN_GENCB_new'
collect2: error: ld returned 1 exit status
checked program was:
/* begin */
 1: #include "ruby.h"
 2: 
 3: /*top*/
 4: extern int t(void);
 5: int main(int argc, char **argv)
 6: {
 7:   if (argc > 1000000) {
 8:     printf("%p", &t);
 9:   }
10: 
11:   return 0;
12: }
13: extern void BN_GENCB_new();
14: int t(void) { BN_GENCB_new(); return 0; }
/* end */

--------------------

have_func: checking for BN_GENCB_free()... -------------------- no

"gcc -o conftest -I/usr/include/ruby/2.3 -I/usr/include/ruby/2.3/ruby/backward -I/usr/include/ruby/2.3 -I.     -O2 -g -pipe -Wall -Wp,-D_FORTIFY_SOURCE=2 -fexceptions -fstack-protector --param=ssp-buffer-size=4 -mtune=generic -fPIC  conftest.c  -L. -L/usr/lib64 -L. -fstack-protector -rdynamic -Wl,-export-dynamic   -m64   -lssl -lcrypto -L/usr/lib64/ruby/2.3 -lruby  -lssl -lcrypto -lpthread -ldl -lcrypt -lm   -lc"
conftest.c: In function ‘t’:
conftest.c:13:57: error: ‘BN_GENCB_free’ undeclared (first use in this function)
 int t(void) { void ((*volatile p)()); p = (void ((*)()))BN_GENCB_free; return !p; }
                                                         ^
conftest.c:13:57: note: each undeclared identifier is reported only once for each function it appears in
checked program was:
/* begin */
 1: #include "ruby.h"
 2: 
 3: /*top*/
 4: extern int t(void);
 5: int main(int argc, char **argv)
 6: {
 7:   if (argc > 1000000) {
 8:     printf("%p", &t);
 9:   }
10: 
11:   return 0;
12: }
13: int t(void) { void ((*volatile p)()); p = (void ((*)()))BN_GENCB_free; return !p; }
/* end */

"gcc -o conftest -I/usr/include/ruby/2.3 -I/usr/include/ruby/2.3/ruby/backward -I/usr/include/ruby/2.3 -I.     -O2 -g -pipe -Wall -Wp,-D_FORTIFY_SOURCE=2 -fexceptions -fstack-protector --param=ssp-buffer-size=4 -mtune=generic -fPIC  conftest.c  -L. -L/usr/lib64 -L. -fstack-protector -rdynamic -Wl,-export-dynamic   -m64   -lssl -lcrypto -L/usr/lib64/ruby/2.3 -lruby  -lssl -lcrypto -lpthread -ldl -lcrypt -lm   -lc"
/tmp/ccYeiuv6.o: In function `t':
/var/www/html/Ludus/vendor/bundle/ruby/2.3/gems/openssl-2.1.2/ext/openssl/conftest.c:14: undefined reference to `BN_GENCB_free'
collect2: error: ld returned 1 exit status
checked program was:
/* begin */
 1: #include "ruby.h"
 2: 
 3: /*top*/
 4: extern int t(void);
 5: int main(int argc, char **argv)
 6: {
 7:   if (argc > 1000000) {
 8:     printf("%p", &t);
 9:   }
10: 
11:   return 0;
12: }
13: extern void BN_GENCB_free();
14: int t(void) { BN_GENCB_free(); return 0; }
/* end */

--------------------

have_func: checking for BN_GENCB_get_arg()... -------------------- no

"gcc -o conftest -I/usr/include/ruby/2.3 -I/usr/include/ruby/2.3/ruby/backward -I/usr/include/ruby/2.3 -I.     -O2 -g -pipe -Wall -Wp,-D_FORTIFY_SOURCE=2 -fexceptions -fstack-protector --param=ssp-buffer-size=4 -mtune=generic -fPIC  conftest.c  -L. -L/usr/lib64 -L. -fstack-protector -rdynamic -Wl,-export-dynamic   -m64   -lssl -lcrypto -L/usr/lib64/ruby/2.3 -lruby  -lssl -lcrypto -lpthread -ldl -lcrypt -lm   -lc"
conftest.c: In function ‘t’:
conftest.c:13:57: error: ‘BN_GENCB_get_arg’ undeclared (first use in this function)
 int t(void) { void ((*volatile p)()); p = (void ((*)()))BN_GENCB_get_arg; return !p; }
                                                         ^
conftest.c:13:57: note: each undeclared identifier is reported only once for each function it appears in
checked program was:
/* begin */
 1: #include "ruby.h"
 2: 
 3: /*top*/
 4: extern int t(void);
 5: int main(int argc, char **argv)
 6: {
 7:   if (argc > 1000000) {
 8:     printf("%p", &t);
 9:   }
10: 
11:   return 0;
12: }
13: int t(void) { void ((*volatile p)()); p = (void ((*)()))BN_GENCB_get_arg; return !p; }
/* end */

"gcc -o conftest -I/usr/include/ruby/2.3 -I/usr/include/ruby/2.3/ruby/backward -I/usr/include/ruby/2.3 -I.     -O2 -g -pipe -Wall -Wp,-D_FORTIFY_SOURCE=2 -fexceptions -fstack-protector --param=ssp-buffer-size=4 -mtune=generic -fPIC  conftest.c  -L. -L/usr/lib64 -L. -fstack-protector -rdynamic -Wl,-export-dynamic   -m64   -lssl -lcrypto -L/usr/lib64/ruby/2.3 -lruby  -lssl -lcrypto -lpthread -ldl -lcrypt -lm   -lc"
/tmp/ccNE9FQh.o: In function `t':
/var/www/html/Ludus/vendor/bundle/ruby/2.3/gems/openssl-2.1.2/ext/openssl/conftest.c:14: undefined reference to `BN_GENCB_get_arg'
collect2: error: ld returned 1 exit status
checked program was:
/* begin */
 1: #include "ruby.h"
 2: 
 3: /*top*/
 4: extern int t(void);
 5: int main(int argc, char **argv)
 6: {
 7:   if (argc > 1000000) {
 8:     printf("%p", &t);
 9:   }
10: 
11:   return 0;
12: }
13: extern void BN_GENCB_get_arg();
14: int t(void) { BN_GENCB_get_arg(); return 0; }
/* end */

--------------------

have_func: checking for EVP_MD_CTX_new()... -------------------- no

"gcc -o conftest -I/usr/include/ruby/2.3 -I/usr/include/ruby/2.3/ruby/backward -I/usr/include/ruby/2.3 -I.     -O2 -g -pipe -Wall -Wp,-D_FORTIFY_SOURCE=2 -fexceptions -fstack-protector --param=ssp-buffer-size=4 -mtune=generic -fPIC  conftest.c  -L. -L/usr/lib64 -L. -fstack-protector -rdynamic -Wl,-export-dynamic   -m64   -lssl -lcrypto -L/usr/lib64/ruby/2.3 -lruby  -lssl -lcrypto -lpthread -ldl -lcrypt -lm   -lc"
conftest.c: In function ‘t’:
conftest.c:13:57: error: ‘EVP_MD_CTX_new’ undeclared (first use in this function)
 int t(void) { void ((*volatile p)()); p = (void ((*)()))EVP_MD_CTX_new; return !p; }
                                                         ^
conftest.c:13:57: note: each undeclared identifier is reported only once for each function it appears in
checked program was:
/* begin */
 1: #include "ruby.h"
 2: 
 3: /*top*/
 4: extern int t(void);
 5: int main(int argc, char **argv)
 6: {
 7:   if (argc > 1000000) {
 8:     printf("%p", &t);
 9:   }
10: 
11:   return 0;
12: }
13: int t(void) { void ((*volatile p)()); p = (void ((*)()))EVP_MD_CTX_new; return !p; }
/* end */

"gcc -o conftest -I/usr/include/ruby/2.3 -I/usr/include/ruby/2.3/ruby/backward -I/usr/include/ruby/2.3 -I.     -O2 -g -pipe -Wall -Wp,-D_FORTIFY_SOURCE=2 -fexceptions -fstack-protector --param=ssp-buffer-size=4 -mtune=generic -fPIC  conftest.c  -L. -L/usr/lib64 -L. -fstack-protector -rdynamic -Wl,-export-dynamic   -m64   -lssl -lcrypto -L/usr/lib64/ruby/2.3 -lruby  -lssl -lcrypto -lpthread -ldl -lcrypt -lm   -lc"
/tmp/ccmrvmQv.o: In function `t':
/var/www/html/Ludus/vendor/bundle/ruby/2.3/gems/openssl-2.1.2/ext/openssl/conftest.c:14: undefined reference to `EVP_MD_CTX_new'
collect2: error: ld returned 1 exit status
checked program was:
/* begin */
 1: #include "ruby.h"
 2: 
 3: /*top*/
 4: extern int t(void);
 5: int main(int argc, char **argv)
 6: {
 7:   if (argc > 1000000) {
 8:     printf("%p", &t);
 9:   }
10: 
11:   return 0;
12: }
13: extern void EVP_MD_CTX_new();
14: int t(void) { EVP_MD_CTX_new(); return 0; }
/* end */

--------------------

have_func: checking for EVP_MD_CTX_free()... -------------------- no

"gcc -o conftest -I/usr/include/ruby/2.3 -I/usr/include/ruby/2.3/ruby/backward -I/usr/include/ruby/2.3 -I.     -O2 -g -pipe -Wall -Wp,-D_FORTIFY_SOURCE=2 -fexceptions -fstack-protector --param=ssp-buffer-size=4 -mtune=generic -fPIC  conftest.c  -L. -L/usr/lib64 -L. -fstack-protector -rdynamic -Wl,-export-dynamic   -m64   -lssl -lcrypto -L/usr/lib64/ruby/2.3 -lruby  -lssl -lcrypto -lpthread -ldl -lcrypt -lm   -lc"
conftest.c: In function ‘t’:
conftest.c:13:57: error: ‘EVP_MD_CTX_free’ undeclared (first use in this function)
 int t(void) { void ((*volatile p)()); p = (void ((*)()))EVP_MD_CTX_free; return !p; }
                                                         ^
conftest.c:13:57: note: each undeclared identifier is reported only once for each function it appears in
checked program was:
/* begin */
 1: #include "ruby.h"
 2: 
 3: /*top*/
 4: extern int t(void);
 5: int main(int argc, char **argv)
 6: {
 7:   if (argc > 1000000) {
 8:     printf("%p", &t);
 9:   }
10: 
11:   return 0;
12: }
13: int t(void) { void ((*volatile p)()); p = (void ((*)()))EVP_MD_CTX_free; return !p; }
/* end */

"gcc -o conftest -I/usr/include/ruby/2.3 -I/usr/include/ruby/2.3/ruby/backward -I/usr/include/ruby/2.3 -I.     -O2 -g -pipe -Wall -Wp,-D_FORTIFY_SOURCE=2 -fexceptions -fstack-protector --param=ssp-buffer-size=4 -mtune=generic -fPIC  conftest.c  -L. -L/usr/lib64 -L. -fstack-protector -rdynamic -Wl,-export-dynamic   -m64   -lssl -lcrypto -L/usr/lib64/ruby/2.3 -lruby  -lssl -lcrypto -lpthread -ldl -lcrypt -lm   -lc"
/tmp/ccXvYorv.o: In function `t':
/var/www/html/Ludus/vendor/bundle/ruby/2.3/gems/openssl-2.1.2/ext/openssl/conftest.c:14: undefined reference to `EVP_MD_CTX_free'
collect2: error: ld returned 1 exit status
checked program was:
/* begin */
 1: #include "ruby.h"
 2: 
 3: /*top*/
 4: extern int t(void);
 5: int main(int argc, char **argv)
 6: {
 7:   if (argc > 1000000) {
 8:     printf("%p", &t);
 9:   }
10: 
11:   return 0;
12: }
13: extern void EVP_MD_CTX_free();
14: int t(void) { EVP_MD_CTX_free(); return 0; }
/* end */

--------------------

have_func: checking for HMAC_CTX_new()... -------------------- no

"gcc -o conftest -I/usr/include/ruby/2.3 -I/usr/include/ruby/2.3/ruby/backward -I/usr/include/ruby/2.3 -I.     -O2 -g -pipe -Wall -Wp,-D_FORTIFY_SOURCE=2 -fexceptions -fstack-protector --param=ssp-buffer-size=4 -mtune=generic -fPIC  conftest.c  -L. -L/usr/lib64 -L. -fstack-protector -rdynamic -Wl,-export-dynamic   -m64   -lssl -lcrypto -L/usr/lib64/ruby/2.3 -lruby  -lssl -lcrypto -lpthread -ldl -lcrypt -lm   -lc"
conftest.c: In function ‘t’:
conftest.c:13:57: error: ‘HMAC_CTX_new’ undeclared (first use in this function)
 int t(void) { void ((*volatile p)()); p = (void ((*)()))HMAC_CTX_new; return !p; }
                                                         ^
conftest.c:13:57: note: each undeclared identifier is reported only once for each function it appears in
checked program was:
/* begin */
 1: #include "ruby.h"
 2: 
 3: /*top*/
 4: extern int t(void);
 5: int main(int argc, char **argv)
 6: {
 7:   if (argc > 1000000) {
 8:     printf("%p", &t);
 9:   }
10: 
11:   return 0;
12: }
13: int t(void) { void ((*volatile p)()); p = (void ((*)()))HMAC_CTX_new; return !p; }
/* end */

"gcc -o conftest -I/usr/include/ruby/2.3 -I/usr/include/ruby/2.3/ruby/backward -I/usr/include/ruby/2.3 -I.     -O2 -g -pipe -Wall -Wp,-D_FORTIFY_SOURCE=2 -fexceptions -fstack-protector --param=ssp-buffer-size=4 -mtune=generic -fPIC  conftest.c  -L. -L/usr/lib64 -L. -fstack-protector -rdynamic -Wl,-export-dynamic   -m64   -lssl -lcrypto -L/usr/lib64/ruby/2.3 -lruby  -lssl -lcrypto -lpthread -ldl -lcrypt -lm   -lc"
/tmp/cczqJX2H.o: In function `t':
/var/www/html/Ludus/vendor/bundle/ruby/2.3/gems/openssl-2.1.2/ext/openssl/conftest.c:14: undefined reference to `HMAC_CTX_new'
collect2: error: ld returned 1 exit status
checked program was:
/* begin */
 1: #include "ruby.h"
 2: 
 3: /*top*/
 4: extern int t(void);
 5: int main(int argc, char **argv)
 6: {
 7:   if (argc > 1000000) {
 8:     printf("%p", &t);
 9:   }
10: 
11:   return 0;
12: }
13: extern void HMAC_CTX_new();
14: int t(void) { HMAC_CTX_new(); return 0; }
/* end */

--------------------

have_func: checking for HMAC_CTX_free()... -------------------- no

"gcc -o conftest -I/usr/include/ruby/2.3 -I/usr/include/ruby/2.3/ruby/backward -I/usr/include/ruby/2.3 -I.     -O2 -g -pipe -Wall -Wp,-D_FORTIFY_SOURCE=2 -fexceptions -fstack-protector --param=ssp-buffer-size=4 -mtune=generic -fPIC  conftest.c  -L. -L/usr/lib64 -L. -fstack-protector -rdynamic -Wl,-export-dynamic   -m64   -lssl -lcrypto -L/usr/lib64/ruby/2.3 -lruby  -lssl -lcrypto -lpthread -ldl -lcrypt -lm   -lc"
conftest.c: In function ‘t’:
conftest.c:13:57: error: ‘HMAC_CTX_free’ undeclared (first use in this function)
 int t(void) { void ((*volatile p)()); p = (void ((*)()))HMAC_CTX_free; return !p; }
                                                         ^
conftest.c:13:57: note: each undeclared identifier is reported only once for each function it appears in
checked program was:
/* begin */
 1: #include "ruby.h"
 2: 
 3: /*top*/
 4: extern int t(void);
 5: int main(int argc, char **argv)
 6: {
 7:   if (argc > 1000000) {
 8:     printf("%p", &t);
 9:   }
10: 
11:   return 0;
12: }
13: int t(void) { void ((*volatile p)()); p = (void ((*)()))HMAC_CTX_free; return !p; }
/* end */

"gcc -o conftest -I/usr/include/ruby/2.3 -I/usr/include/ruby/2.3/ruby/backward -I/usr/include/ruby/2.3 -I.     -O2 -g -pipe -Wall -Wp,-D_FORTIFY_SOURCE=2 -fexceptions -fstack-protector --param=ssp-buffer-size=4 -mtune=generic -fPIC  conftest.c  -L. -L/usr/lib64 -L. -fstack-protector -rdynamic -Wl,-export-dynamic   -m64   -lssl -lcrypto -L/usr/lib64/ruby/2.3 -lruby  -lssl -lcrypto -lpthread -ldl -lcrypt -lm   -lc"
/tmp/ccwACsLV.o: In function `t':
/var/www/html/Ludus/vendor/bundle/ruby/2.3/gems/openssl-2.1.2/ext/openssl/conftest.c:14: undefined reference to `HMAC_CTX_free'
collect2: error: ld returned 1 exit status
checked program was:
/* begin */
 1: #include "ruby.h"
 2: 
 3: /*top*/
 4: extern int t(void);
 5: int main(int argc, char **argv)
 6: {
 7:   if (argc > 1000000) {
 8:     printf("%p", &t);
 9:   }
10: 
11:   return 0;
12: }
13: extern void HMAC_CTX_free();
14: int t(void) { HMAC_CTX_free(); return 0; }
/* end */

--------------------

have_func: checking for RAND_pseudo_bytes() in openssl/rand.h with -Werror=deprecated-declarations... -------------------- yes

"gcc -o conftest -I/usr/include/ruby/2.3 -I/usr/include/ruby/2.3/ruby/backward -I/usr/include/ruby/2.3 -I.     -O2 -g -pipe -Wall -Wp,-D_FORTIFY_SOURCE=2 -fexceptions -fstack-protector --param=ssp-buffer-size=4 -mtune=generic -fPIC  conftest.c  -L. -L/usr/lib64 -L. -fstack-protector -rdynamic -Wl,-export-dynamic   -m64   -lssl -lcrypto -L/usr/lib64/ruby/2.3 -lruby -Werror=deprecated-declarations  -lssl -lcrypto -lpthread -ldl -lcrypt -lm   -lc"
checked program was:
/* begin */
 1: #include "ruby.h"
 2: 
 3: #include <openssl/rand.h>
 4: 
 5: /*top*/
 6: extern int t(void);
 7: int main(int argc, char **argv)
 8: {
 9:   if (argc > 1000000) {
10:     printf("%p", &t);
11:   }
12: 
13:   return 0;
14: }
15: int t(void) { void ((*volatile p)()); p = (void ((*)()))RAND_pseudo_bytes; return !p; }
/* end */

--------------------

have_func: checking for X509_STORE_get_ex_data()... -------------------- no

"gcc -o conftest -I/usr/include/ruby/2.3 -I/usr/include/ruby/2.3/ruby/backward -I/usr/include/ruby/2.3 -I.     -O2 -g -pipe -Wall -Wp,-D_FORTIFY_SOURCE=2 -fexceptions -fstack-protector --param=ssp-buffer-size=4 -mtune=generic -fPIC  conftest.c  -L. -L/usr/lib64 -L. -fstack-protector -rdynamic -Wl,-export-dynamic   -m64   -lssl -lcrypto -L/usr/lib64/ruby/2.3 -lruby  -lssl -lcrypto -lpthread -ldl -lcrypt -lm   -lc"
conftest.c: In function ‘t’:
conftest.c:13:57: error: ‘X509_STORE_get_ex_data’ undeclared (first use in this function)
 int t(void) { void ((*volatile p)()); p = (void ((*)()))X509_STORE_get_ex_data; return !p; }
                                                         ^
conftest.c:13:57: note: each undeclared identifier is reported only once for each function it appears in
checked program was:
/* begin */
 1: #include "ruby.h"
 2: 
 3: /*top*/
 4: extern int t(void);
 5: int main(int argc, char **argv)
 6: {
 7:   if (argc > 1000000) {
 8:     printf("%p", &t);
 9:   }
10: 
11:   return 0;
12: }
13: int t(void) { void ((*volatile p)()); p = (void ((*)()))X509_STORE_get_ex_data; return !p; }
/* end */

"gcc -o conftest -I/usr/include/ruby/2.3 -I/usr/include/ruby/2.3/ruby/backward -I/usr/include/ruby/2.3 -I.     -O2 -g -pipe -Wall -Wp,-D_FORTIFY_SOURCE=2 -fexceptions -fstack-protector --param=ssp-buffer-size=4 -mtune=generic -fPIC  conftest.c  -L. -L/usr/lib64 -L. -fstack-protector -rdynamic -Wl,-export-dynamic   -m64   -lssl -lcrypto -L/usr/lib64/ruby/2.3 -lruby  -lssl -lcrypto -lpthread -ldl -lcrypt -lm   -lc"
/tmp/ccbpIfHd.o: In function `t':
/var/www/html/Ludus/vendor/bundle/ruby/2.3/gems/openssl-2.1.2/ext/openssl/conftest.c:14: undefined reference to `X509_STORE_get_ex_data'
collect2: error: ld returned 1 exit status
checked program was:
/* begin */
 1: #include "ruby.h"
 2: 
 3: /*top*/
 4: extern int t(void);
 5: int main(int argc, char **argv)
 6: {
 7:   if (argc > 1000000) {
 8:     printf("%p", &t);
 9:   }
10: 
11:   return 0;
12: }
13: extern void X509_STORE_get_ex_data();
14: int t(void) { X509_STORE_get_ex_data(); return 0; }
/* end */

--------------------

have_func: checking for X509_STORE_set_ex_data()... -------------------- no

"gcc -o conftest -I/usr/include/ruby/2.3 -I/usr/include/ruby/2.3/ruby/backward -I/usr/include/ruby/2.3 -I.     -O2 -g -pipe -Wall -Wp,-D_FORTIFY_SOURCE=2 -fexceptions -fstack-protector --param=ssp-buffer-size=4 -mtune=generic -fPIC  conftest.c  -L. -L/usr/lib64 -L. -fstack-protector -rdynamic -Wl,-export-dynamic   -m64   -lssl -lcrypto -L/usr/lib64/ruby/2.3 -lruby  -lssl -lcrypto -lpthread -ldl -lcrypt -lm   -lc"
conftest.c: In function ‘t’:
conftest.c:13:57: error: ‘X509_STORE_set_ex_data’ undeclared (first use in this function)
 int t(void) { void ((*volatile p)()); p = (void ((*)()))X509_STORE_set_ex_data; return !p; }
                                                         ^
conftest.c:13:57: note: each undeclared identifier is reported only once for each function it appears in
checked program was:
/* begin */
 1: #include "ruby.h"
 2: 
 3: /*top*/
 4: extern int t(void);
 5: int main(int argc, char **argv)
 6: {
 7:   if (argc > 1000000) {
 8:     printf("%p", &t);
 9:   }
10: 
11:   return 0;
12: }
13: int t(void) { void ((*volatile p)()); p = (void ((*)()))X509_STORE_set_ex_data; return !p; }
/* end */

"gcc -o conftest -I/usr/include/ruby/2.3 -I/usr/include/ruby/2.3/ruby/backward -I/usr/include/ruby/2.3 -I.     -O2 -g -pipe -Wall -Wp,-D_FORTIFY_SOURCE=2 -fexceptions -fstack-protector --param=ssp-buffer-size=4 -mtune=generic -fPIC  conftest.c  -L. -L/usr/lib64 -L. -fstack-protector -rdynamic -Wl,-export-dynamic   -m64   -lssl -lcrypto -L/usr/lib64/ruby/2.3 -lruby  -lssl -lcrypto -lpthread -ldl -lcrypt -lm   -lc"
/tmp/ccByu9rq.o: In function `t':
/var/www/html/Ludus/vendor/bundle/ruby/2.3/gems/openssl-2.1.2/ext/openssl/conftest.c:14: undefined reference to `X509_STORE_set_ex_data'
collect2: error: ld returned 1 exit status
checked program was:
/* begin */
 1: #include "ruby.h"
 2: 
 3: /*top*/
 4: extern int t(void);
 5: int main(int argc, char **argv)
 6: {
 7:   if (argc > 1000000) {
 8:     printf("%p", &t);
 9:   }
10: 
11:   return 0;
12: }
13: extern void X509_STORE_set_ex_data();
14: int t(void) { X509_STORE_set_ex_data(); return 0; }
/* end */

--------------------

have_func: checking for X509_CRL_get0_signature()... -------------------- no

"gcc -o conftest -I/usr/include/ruby/2.3 -I/usr/include/ruby/2.3/ruby/backward -I/usr/include/ruby/2.3 -I.     -O2 -g -pipe -Wall -Wp,-D_FORTIFY_SOURCE=2 -fexceptions -fstack-protector --param=ssp-buffer-size=4 -mtune=generic -fPIC  conftest.c  -L. -L/usr/lib64 -L. -fstack-protector -rdynamic -Wl,-export-dynamic   -m64   -lssl -lcrypto -L/usr/lib64/ruby/2.3 -lruby  -lssl -lcrypto -lpthread -ldl -lcrypt -lm   -lc"
conftest.c: In function ‘t’:
conftest.c:13:57: error: ‘X509_CRL_get0_signature’ undeclared (first use in this function)
 int t(void) { void ((*volatile p)()); p = (void ((*)()))X509_CRL_get0_signature; return !p; }
                                                         ^
conftest.c:13:57: note: each undeclared identifier is reported only once for each function it appears in
checked program was:
/* begin */
 1: #include "ruby.h"
 2: 
 3: /*top*/
 4: extern int t(void);
 5: int main(int argc, char **argv)
 6: {
 7:   if (argc > 1000000) {
 8:     printf("%p", &t);
 9:   }
10: 
11:   return 0;
12: }
13: int t(void) { void ((*volatile p)()); p = (void ((*)()))X509_CRL_get0_signature; return !p; }
/* end */

"gcc -o conftest -I/usr/include/ruby/2.3 -I/usr/include/ruby/2.3/ruby/backward -I/usr/include/ruby/2.3 -I.     -O2 -g -pipe -Wall -Wp,-D_FORTIFY_SOURCE=2 -fexceptions -fstack-protector --param=ssp-buffer-size=4 -mtune=generic -fPIC  conftest.c  -L. -L/usr/lib64 -L. -fstack-protector -rdynamic -Wl,-export-dynamic   -m64   -lssl -lcrypto -L/usr/lib64/ruby/2.3 -lruby  -lssl -lcrypto -lpthread -ldl -lcrypt -lm   -lc"
/tmp/ccaUSzys.o: In function `t':
/var/www/html/Ludus/vendor/bundle/ruby/2.3/gems/openssl-2.1.2/ext/openssl/conftest.c:14: undefined reference to `X509_CRL_get0_signature'
collect2: error: ld returned 1 exit status
checked program was:
/* begin */
 1: #include "ruby.h"
 2: 
 3: /*top*/
 4: extern int t(void);
 5: int main(int argc, char **argv)
 6: {
 7:   if (argc > 1000000) {
 8:     printf("%p", &t);
 9:   }
10: 
11:   return 0;
12: }
13: extern void X509_CRL_get0_signature();
14: int t(void) { X509_CRL_get0_signature(); return 0; }
/* end */

--------------------

have_func: checking for X509_REQ_get0_signature()... -------------------- no

"gcc -o conftest -I/usr/include/ruby/2.3 -I/usr/include/ruby/2.3/ruby/backward -I/usr/include/ruby/2.3 -I.     -O2 -g -pipe -Wall -Wp,-D_FORTIFY_SOURCE=2 -fexceptions -fstack-protector --param=ssp-buffer-size=4 -mtune=generic -fPIC  conftest.c  -L. -L/usr/lib64 -L. -fstack-protector -rdynamic -Wl,-export-dynamic   -m64   -lssl -lcrypto -L/usr/lib64/ruby/2.3 -lruby  -lssl -lcrypto -lpthread -ldl -lcrypt -lm   -lc"
conftest.c: In function ‘t’:
conftest.c:13:57: error: ‘X509_REQ_get0_signature’ undeclared (first use in this function)
 int t(void) { void ((*volatile p)()); p = (void ((*)()))X509_REQ_get0_signature; return !p; }
                                                         ^
conftest.c:13:57: note: each undeclared identifier is reported only once for each function it appears in
checked program was:
/* begin */
 1: #include "ruby.h"
 2: 
 3: /*top*/
 4: extern int t(void);
 5: int main(int argc, char **argv)
 6: {
 7:   if (argc > 1000000) {
 8:     printf("%p", &t);
 9:   }
10: 
11:   return 0;
12: }
13: int t(void) { void ((*volatile p)()); p = (void ((*)()))X509_REQ_get0_signature; return !p; }
/* end */

"gcc -o conftest -I/usr/include/ruby/2.3 -I/usr/include/ruby/2.3/ruby/backward -I/usr/include/ruby/2.3 -I.     -O2 -g -pipe -Wall -Wp,-D_FORTIFY_SOURCE=2 -fexceptions -fstack-protector --param=ssp-buffer-size=4 -mtune=generic -fPIC  conftest.c  -L. -L/usr/lib64 -L. -fstack-protector -rdynamic -Wl,-export-dynamic   -m64   -lssl -lcrypto -L/usr/lib64/ruby/2.3 -lruby  -lssl -lcrypto -lpthread -ldl -lcrypt -lm   -lc"
/tmp/ccZ6AG5D.o: In function `t':
/var/www/html/Ludus/vendor/bundle/ruby/2.3/gems/openssl-2.1.2/ext/openssl/conftest.c:14: undefined reference to `X509_REQ_get0_signature'
collect2: error: ld returned 1 exit status
checked program was:
/* begin */
 1: #include "ruby.h"
 2: 
 3: /*top*/
 4: extern int t(void);
 5: int main(int argc, char **argv)
 6: {
 7:   if (argc > 1000000) {
 8:     printf("%p", &t);
 9:   }
10: 
11:   return 0;
12: }
13: extern void X509_REQ_get0_signature();
14: int t(void) { X509_REQ_get0_signature(); return 0; }
/* end */

--------------------

have_func: checking for X509_REVOKED_get0_serialNumber()... -------------------- no

"gcc -o conftest -I/usr/include/ruby/2.3 -I/usr/include/ruby/2.3/ruby/backward -I/usr/include/ruby/2.3 -I.     -O2 -g -pipe -Wall -Wp,-D_FORTIFY_SOURCE=2 -fexceptions -fstack-protector --param=ssp-buffer-size=4 -mtune=generic -fPIC  conftest.c  -L. -L/usr/lib64 -L. -fstack-protector -rdynamic -Wl,-export-dynamic   -m64   -lssl -lcrypto -L/usr/lib64/ruby/2.3 -lruby  -lssl -lcrypto -lpthread -ldl -lcrypt -lm   -lc"
conftest.c: In function ‘t’:
conftest.c:13:57: error: ‘X509_REVOKED_get0_serialNumber’ undeclared (first use in this function)
 int t(void) { void ((*volatile p)()); p = (void ((*)()))X509_REVOKED_get0_serialNumber; return !p; }
                                                         ^
conftest.c:13:57: note: each undeclared identifier is reported only once for each function it appears in
checked program was:
/* begin */
 1: #include "ruby.h"
 2: 
 3: /*top*/
 4: extern int t(void);
 5: int main(int argc, char **argv)
 6: {
 7:   if (argc > 1000000) {
 8:     printf("%p", &t);
 9:   }
10: 
11:   return 0;
12: }
13: int t(void) { void ((*volatile p)()); p = (void ((*)()))X509_REVOKED_get0_serialNumber; return !p; }
/* end */

"gcc -o conftest -I/usr/include/ruby/2.3 -I/usr/include/ruby/2.3/ruby/backward -I/usr/include/ruby/2.3 -I.     -O2 -g -pipe -Wall -Wp,-D_FORTIFY_SOURCE=2 -fexceptions -fstack-protector --param=ssp-buffer-size=4 -mtune=generic -fPIC  conftest.c  -L. -L/usr/lib64 -L. -fstack-protector -rdynamic -Wl,-export-dynamic   -m64   -lssl -lcrypto -L/usr/lib64/ruby/2.3 -lruby  -lssl -lcrypto -lpthread -ldl -lcrypt -lm   -lc"
/tmp/ccyMxVFQ.o: In function `t':
/var/www/html/Ludus/vendor/bundle/ruby/2.3/gems/openssl-2.1.2/ext/openssl/conftest.c:14: undefined reference to `X509_REVOKED_get0_serialNumber'
collect2: error: ld returned 1 exit status
checked program was:
/* begin */
 1: #include "ruby.h"
 2: 
 3: /*top*/
 4: extern int t(void);
 5: int main(int argc, char **argv)
 6: {
 7:   if (argc > 1000000) {
 8:     printf("%p", &t);
 9:   }
10: 
11:   return 0;
12: }
13: extern void X509_REVOKED_get0_serialNumber();
14: int t(void) { X509_REVOKED_get0_serialNumber(); return 0; }
/* end */

--------------------

have_func: checking for X509_REVOKED_get0_revocationDate()... -------------------- no

"gcc -o conftest -I/usr/include/ruby/2.3 -I/usr/include/ruby/2.3/ruby/backward -I/usr/include/ruby/2.3 -I.     -O2 -g -pipe -Wall -Wp,-D_FORTIFY_SOURCE=2 -fexceptions -fstack-protector --param=ssp-buffer-size=4 -mtune=generic -fPIC  conftest.c  -L. -L/usr/lib64 -L. -fstack-protector -rdynamic -Wl,-export-dynamic   -m64   -lssl -lcrypto -L/usr/lib64/ruby/2.3 -lruby  -lssl -lcrypto -lpthread -ldl -lcrypt -lm   -lc"
conftest.c: In function ‘t’:
conftest.c:13:57: error: ‘X509_REVOKED_get0_revocationDate’ undeclared (first use in this function)
 int t(void) { void ((*volatile p)()); p = (void ((*)()))X509_REVOKED_get0_revocationDate; return !p; }
                                                         ^
conftest.c:13:57: note: each undeclared identifier is reported only once for each function it appears in
checked program was:
/* begin */
 1: #include "ruby.h"
 2: 
 3: /*top*/
 4: extern int t(void);
 5: int main(int argc, char **argv)
 6: {
 7:   if (argc > 1000000) {
 8:     printf("%p", &t);
 9:   }
10: 
11:   return 0;
12: }
13: int t(void) { void ((*volatile p)()); p = (void ((*)()))X509_REVOKED_get0_revocationDate; return !p; }
/* end */

"gcc -o conftest -I/usr/include/ruby/2.3 -I/usr/include/ruby/2.3/ruby/backward -I/usr/include/ruby/2.3 -I.     -O2 -g -pipe -Wall -Wp,-D_FORTIFY_SOURCE=2 -fexceptions -fstack-protector --param=ssp-buffer-size=4 -mtune=generic -fPIC  conftest.c  -L. -L/usr/lib64 -L. -fstack-protector -rdynamic -Wl,-export-dynamic   -m64   -lssl -lcrypto -L/usr/lib64/ruby/2.3 -lruby  -lssl -lcrypto -lpthread -ldl -lcrypt -lm   -lc"
/tmp/ccPsX6SZ.o: In function `t':
/var/www/html/Ludus/vendor/bundle/ruby/2.3/gems/openssl-2.1.2/ext/openssl/conftest.c:14: undefined reference to `X509_REVOKED_get0_revocationDate'
collect2: error: ld returned 1 exit status
checked program was:
/* begin */
 1: #include "ruby.h"
 2: 
 3: /*top*/
 4: extern int t(void);
 5: int main(int argc, char **argv)
 6: {
 7:   if (argc > 1000000) {
 8:     printf("%p", &t);
 9:   }
10: 
11:   return 0;
12: }
13: extern void X509_REVOKED_get0_revocationDate();
14: int t(void) { X509_REVOKED_get0_revocationDate(); return 0; }
/* end */

--------------------

have_func: checking for X509_get0_tbs_sigalg()... -------------------- no

"gcc -o conftest -I/usr/include/ruby/2.3 -I/usr/include/ruby/2.3/ruby/backward -I/usr/include/ruby/2.3 -I.     -O2 -g -pipe -Wall -Wp,-D_FORTIFY_SOURCE=2 -fexceptions -fstack-protector --param=ssp-buffer-size=4 -mtune=generic -fPIC  conftest.c  -L. -L/usr/lib64 -L. -fstack-protector -rdynamic -Wl,-export-dynamic   -m64   -lssl -lcrypto -L/usr/lib64/ruby/2.3 -lruby  -lssl -lcrypto -lpthread -ldl -lcrypt -lm   -lc"
conftest.c: In function ‘t’:
conftest.c:13:57: error: ‘X509_get0_tbs_sigalg’ undeclared (first use in this function)
 int t(void) { void ((*volatile p)()); p = (void ((*)()))X509_get0_tbs_sigalg; return !p; }
                                                         ^
conftest.c:13:57: note: each undeclared identifier is reported only once for each function it appears in
checked program was:
/* begin */
 1: #include "ruby.h"
 2: 
 3: /*top*/
 4: extern int t(void);
 5: int main(int argc, char **argv)
 6: {
 7:   if (argc > 1000000) {
 8:     printf("%p", &t);
 9:   }
10: 
11:   return 0;
12: }
13: int t(void) { void ((*volatile p)()); p = (void ((*)()))X509_get0_tbs_sigalg; return !p; }
/* end */

"gcc -o conftest -I/usr/include/ruby/2.3 -I/usr/include/ruby/2.3/ruby/backward -I/usr/include/ruby/2.3 -I.     -O2 -g -pipe -Wall -Wp,-D_FORTIFY_SOURCE=2 -fexceptions -fstack-protector --param=ssp-buffer-size=4 -mtune=generic -fPIC  conftest.c  -L. -L/usr/lib64 -L. -fstack-protector -rdynamic -Wl,-export-dynamic   -m64   -lssl -lcrypto -L/usr/lib64/ruby/2.3 -lruby  -lssl -lcrypto -lpthread -ldl -lcrypt -lm   -lc"
/tmp/ccAL97kb.o: In function `t':
/var/www/html/Ludus/vendor/bundle/ruby/2.3/gems/openssl-2.1.2/ext/openssl/conftest.c:14: undefined reference to `X509_get0_tbs_sigalg'
collect2: error: ld returned 1 exit status
checked program was:
/* begin */
 1: #include "ruby.h"
 2: 
 3: /*top*/
 4: extern int t(void);
 5: int main(int argc, char **argv)
 6: {
 7:   if (argc > 1000000) {
 8:     printf("%p", &t);
 9:   }
10: 
11:   return 0;
12: }
13: extern void X509_get0_tbs_sigalg();
14: int t(void) { X509_get0_tbs_sigalg(); return 0; }
/* end */

--------------------

have_func: checking for X509_STORE_CTX_get0_untrusted()... -------------------- no

"gcc -o conftest -I/usr/include/ruby/2.3 -I/usr/include/ruby/2.3/ruby/backward -I/usr/include/ruby/2.3 -I.     -O2 -g -pipe -Wall -Wp,-D_FORTIFY_SOURCE=2 -fexceptions -fstack-protector --param=ssp-buffer-size=4 -mtune=generic -fPIC  conftest.c  -L. -L/usr/lib64 -L. -fstack-protector -rdynamic -Wl,-export-dynamic   -m64   -lssl -lcrypto -L/usr/lib64/ruby/2.3 -lruby  -lssl -lcrypto -lpthread -ldl -lcrypt -lm   -lc"
conftest.c: In function ‘t’:
conftest.c:13:57: error: ‘X509_STORE_CTX_get0_untrusted’ undeclared (first use in this function)
 int t(void) { void ((*volatile p)()); p = (void ((*)()))X509_STORE_CTX_get0_untrusted; return !p; }
                                                         ^
conftest.c:13:57: note: each undeclared identifier is reported only once for each function it appears in
checked program was:
/* begin */
 1: #include "ruby.h"
 2: 
 3: /*top*/
 4: extern int t(void);
 5: int main(int argc, char **argv)
 6: {
 7:   if (argc > 1000000) {
 8:     printf("%p", &t);
 9:   }
10: 
11:   return 0;
12: }
13: int t(void) { void ((*volatile p)()); p = (void ((*)()))X509_STORE_CTX_get0_untrusted; return !p; }
/* end */

"gcc -o conftest -I/usr/include/ruby/2.3 -I/usr/include/ruby/2.3/ruby/backward -I/usr/include/ruby/2.3 -I.     -O2 -g -pipe -Wall -Wp,-D_FORTIFY_SOURCE=2 -fexceptions -fstack-protector --param=ssp-buffer-size=4 -mtune=generic -fPIC  conftest.c  -L. -L/usr/lib64 -L. -fstack-protector -rdynamic -Wl,-export-dynamic   -m64   -lssl -lcrypto -L/usr/lib64/ruby/2.3 -lruby  -lssl -lcrypto -lpthread -ldl -lcrypt -lm   -lc"
/tmp/ccNK4z4o.o: In function `t':
/var/www/html/Ludus/vendor/bundle/ruby/2.3/gems/openssl-2.1.2/ext/openssl/conftest.c:14: undefined reference to `X509_STORE_CTX_get0_untrusted'
collect2: error: ld returned 1 exit status
checked program was:
/* begin */
 1: #include "ruby.h"
 2: 
 3: /*top*/
 4: extern int t(void);
 5: int main(int argc, char **argv)
 6: {
 7:   if (argc > 1000000) {
 8:     printf("%p", &t);
 9:   }
10: 
11:   return 0;
12: }
13: extern void X509_STORE_CTX_get0_untrusted();
14: int t(void) { X509_STORE_CTX_get0_untrusted(); return 0; }
/* end */

--------------------

have_func: checking for X509_STORE_CTX_get0_cert()... -------------------- no

"gcc -o conftest -I/usr/include/ruby/2.3 -I/usr/include/ruby/2.3/ruby/backward -I/usr/include/ruby/2.3 -I.     -O2 -g -pipe -Wall -Wp,-D_FORTIFY_SOURCE=2 -fexceptions -fstack-protector --param=ssp-buffer-size=4 -mtune=generic -fPIC  conftest.c  -L. -L/usr/lib64 -L. -fstack-protector -rdynamic -Wl,-export-dynamic   -m64   -lssl -lcrypto -L/usr/lib64/ruby/2.3 -lruby  -lssl -lcrypto -lpthread -ldl -lcrypt -lm   -lc"
conftest.c: In function ‘t’:
conftest.c:13:57: error: ‘X509_STORE_CTX_get0_cert’ undeclared (first use in this function)
 int t(void) { void ((*volatile p)()); p = (void ((*)()))X509_STORE_CTX_get0_cert; return !p; }
                                                         ^
conftest.c:13:57: note: each undeclared identifier is reported only once for each function it appears in
checked program was:
/* begin */
 1: #include "ruby.h"
 2: 
 3: /*top*/
 4: extern int t(void);
 5: int main(int argc, char **argv)
 6: {
 7:   if (argc > 1000000) {
 8:     printf("%p", &t);
 9:   }
10: 
11:   return 0;
12: }
13: int t(void) { void ((*volatile p)()); p = (void ((*)()))X509_STORE_CTX_get0_cert; return !p; }
/* end */

"gcc -o conftest -I/usr/include/ruby/2.3 -I/usr/include/ruby/2.3/ruby/backward -I/usr/include/ruby/2.3 -I.     -O2 -g -pipe -Wall -Wp,-D_FORTIFY_SOURCE=2 -fexceptions -fstack-protector --param=ssp-buffer-size=4 -mtune=generic -fPIC  conftest.c  -L. -L/usr/lib64 -L. -fstack-protector -rdynamic -Wl,-export-dynamic   -m64   -lssl -lcrypto -L/usr/lib64/ruby/2.3 -lruby  -lssl -lcrypto -lpthread -ldl -lcrypt -lm   -lc"
/tmp/cc8RdYwA.o: In function `t':
/var/www/html/Ludus/vendor/bundle/ruby/2.3/gems/openssl-2.1.2/ext/openssl/conftest.c:14: undefined reference to `X509_STORE_CTX_get0_cert'
collect2: error: ld returned 1 exit status
checked program was:
/* begin */
 1: #include "ruby.h"
 2: 
 3: /*top*/
 4: extern int t(void);
 5: int main(int argc, char **argv)
 6: {
 7:   if (argc > 1000000) {
 8:     printf("%p", &t);
 9:   }
10: 
11:   return 0;
12: }
13: extern void X509_STORE_CTX_get0_cert();
14: int t(void) { X509_STORE_CTX_get0_cert(); return 0; }
/* end */

--------------------

have_func: checking for X509_STORE_CTX_get0_chain()... -------------------- no

"gcc -o conftest -I/usr/include/ruby/2.3 -I/usr/include/ruby/2.3/ruby/backward -I/usr/include/ruby/2.3 -I.     -O2 -g -pipe -Wall -Wp,-D_FORTIFY_SOURCE=2 -fexceptions -fstack-protector --param=ssp-buffer-size=4 -mtune=generic -fPIC  conftest.c  -L. -L/usr/lib64 -L. -fstack-protector -rdynamic -Wl,-export-dynamic   -m64   -lssl -lcrypto -L/usr/lib64/ruby/2.3 -lruby  -lssl -lcrypto -lpthread -ldl -lcrypt -lm   -lc"
conftest.c: In function ‘t’:
conftest.c:13:57: error: ‘X509_STORE_CTX_get0_chain’ undeclared (first use in this function)
 int t(void) { void ((*volatile p)()); p = (void ((*)()))X509_STORE_CTX_get0_chain; return !p; }
                                                         ^
conftest.c:13:57: note: each undeclared identifier is reported only once for each function it appears in
checked program was:
/* begin */
 1: #include "ruby.h"
 2: 
 3: /*top*/
 4: extern int t(void);
 5: int main(int argc, char **argv)
 6: {
 7:   if (argc > 1000000) {
 8:     printf("%p", &t);
 9:   }
10: 
11:   return 0;
12: }
13: int t(void) { void ((*volatile p)()); p = (void ((*)()))X509_STORE_CTX_get0_chain; return !p; }
/* end */

"gcc -o conftest -I/usr/include/ruby/2.3 -I/usr/include/ruby/2.3/ruby/backward -I/usr/include/ruby/2.3 -I.     -O2 -g -pipe -Wall -Wp,-D_FORTIFY_SOURCE=2 -fexceptions -fstack-protector --param=ssp-buffer-size=4 -mtune=generic -fPIC  conftest.c  -L. -L/usr/lib64 -L. -fstack-protector -rdynamic -Wl,-export-dynamic   -m64   -lssl -lcrypto -L/usr/lib64/ruby/2.3 -lruby  -lssl -lcrypto -lpthread -ldl -lcrypt -lm   -lc"
/tmp/ccbRVhBC.o: In function `t':
/var/www/html/Ludus/vendor/bundle/ruby/2.3/gems/openssl-2.1.2/ext/openssl/conftest.c:14: undefined reference to `X509_STORE_CTX_get0_chain'
collect2: error: ld returned 1 exit status
checked program was:
/* begin */
 1: #include "ruby.h"
 2: 
 3: /*top*/
 4: extern int t(void);
 5: int main(int argc, char **argv)
 6: {
 7:   if (argc > 1000000) {
 8:     printf("%p", &t);
 9:   }
10: 
11:   return 0;
12: }
13: extern void X509_STORE_CTX_get0_chain();
14: int t(void) { X509_STORE_CTX_get0_chain(); return 0; }
/* end */

--------------------

have_func: checking for OCSP_SINGLERESP_get0_id()... -------------------- no

"gcc -o conftest -I/usr/include/ruby/2.3 -I/usr/include/ruby/2.3/ruby/backward -I/usr/include/ruby/2.3 -I.     -O2 -g -pipe -Wall -Wp,-D_FORTIFY_SOURCE=2 -fexceptions -fstack-protector --param=ssp-buffer-size=4 -mtune=generic -fPIC  conftest.c  -L. -L/usr/lib64 -L. -fstack-protector -rdynamic -Wl,-export-dynamic   -m64   -lssl -lcrypto -L/usr/lib64/ruby/2.3 -lruby  -lssl -lcrypto -lpthread -ldl -lcrypt -lm   -lc"
conftest.c: In function ‘t’:
conftest.c:13:57: error: ‘OCSP_SINGLERESP_get0_id’ undeclared (first use in this function)
 int t(void) { void ((*volatile p)()); p = (void ((*)()))OCSP_SINGLERESP_get0_id; return !p; }
                                                         ^
conftest.c:13:57: note: each undeclared identifier is reported only once for each function it appears in
checked program was:
/* begin */
 1: #include "ruby.h"
 2: 
 3: /*top*/
 4: extern int t(void);
 5: int main(int argc, char **argv)
 6: {
 7:   if (argc > 1000000) {
 8:     printf("%p", &t);
 9:   }
10: 
11:   return 0;
12: }
13: int t(void) { void ((*volatile p)()); p = (void ((*)()))OCSP_SINGLERESP_get0_id; return !p; }
/* end */

"gcc -o conftest -I/usr/include/ruby/2.3 -I/usr/include/ruby/2.3/ruby/backward -I/usr/include/ruby/2.3 -I.     -O2 -g -pipe -Wall -Wp,-D_FORTIFY_SOURCE=2 -fexceptions -fstack-protector --param=ssp-buffer-size=4 -mtune=generic -fPIC  conftest.c  -L. -L/usr/lib64 -L. -fstack-protector -rdynamic -Wl,-export-dynamic   -m64   -lssl -lcrypto -L/usr/lib64/ruby/2.3 -lruby  -lssl -lcrypto -lpthread -ldl -lcrypt -lm   -lc"
/tmp/ccPI7k6O.o: In function `t':
/var/www/html/Ludus/vendor/bundle/ruby/2.3/gems/openssl-2.1.2/ext/openssl/conftest.c:14: undefined reference to `OCSP_SINGLERESP_get0_id'
collect2: error: ld returned 1 exit status
checked program was:
/* begin */
 1: #include "ruby.h"
 2: 
 3: /*top*/
 4: extern int t(void);
 5: int main(int argc, char **argv)
 6: {
 7:   if (argc > 1000000) {
 8:     printf("%p", &t);
 9:   }
10: 
11:   return 0;
12: }
13: extern void OCSP_SINGLERESP_get0_id();
14: int t(void) { OCSP_SINGLERESP_get0_id(); return 0; }
/* end */

--------------------

have_func: checking for SSL_CTX_get_ciphers()... -------------------- no

"gcc -o conftest -I/usr/include/ruby/2.3 -I/usr/include/ruby/2.3/ruby/backward -I/usr/include/ruby/2.3 -I.     -O2 -g -pipe -Wall -Wp,-D_FORTIFY_SOURCE=2 -fexceptions -fstack-protector --param=ssp-buffer-size=4 -mtune=generic -fPIC  conftest.c  -L. -L/usr/lib64 -L. -fstack-protector -rdynamic -Wl,-export-dynamic   -m64   -lssl -lcrypto -L/usr/lib64/ruby/2.3 -lruby  -lssl -lcrypto -lpthread -ldl -lcrypt -lm   -lc"
conftest.c: In function ‘t’:
conftest.c:13:57: error: ‘SSL_CTX_get_ciphers’ undeclared (first use in this function)
 int t(void) { void ((*volatile p)()); p = (void ((*)()))SSL_CTX_get_ciphers; return !p; }
                                                         ^
conftest.c:13:57: note: each undeclared identifier is reported only once for each function it appears in
checked program was:
/* begin */
 1: #include "ruby.h"
 2: 
 3: /*top*/
 4: extern int t(void);
 5: int main(int argc, char **argv)
 6: {
 7:   if (argc > 1000000) {
 8:     printf("%p", &t);
 9:   }
10: 
11:   return 0;
12: }
13: int t(void) { void ((*volatile p)()); p = (void ((*)()))SSL_CTX_get_ciphers; return !p; }
/* end */

"gcc -o conftest -I/usr/include/ruby/2.3 -I/usr/include/ruby/2.3/ruby/backward -I/usr/include/ruby/2.3 -I.     -O2 -g -pipe -Wall -Wp,-D_FORTIFY_SOURCE=2 -fexceptions -fstack-protector --param=ssp-buffer-size=4 -mtune=generic -fPIC  conftest.c  -L. -L/usr/lib64 -L. -fstack-protector -rdynamic -Wl,-export-dynamic   -m64   -lssl -lcrypto -L/usr/lib64/ruby/2.3 -lruby  -lssl -lcrypto -lpthread -ldl -lcrypt -lm   -lc"
/tmp/ccSkJ4C0.o: In function `t':
/var/www/html/Ludus/vendor/bundle/ruby/2.3/gems/openssl-2.1.2/ext/openssl/conftest.c:14: undefined reference to `SSL_CTX_get_ciphers'
collect2: error: ld returned 1 exit status
checked program was:
/* begin */
 1: #include "ruby.h"
 2: 
 3: /*top*/
 4: extern int t(void);
 5: int main(int argc, char **argv)
 6: {
 7:   if (argc > 1000000) {
 8:     printf("%p", &t);
 9:   }
10: 
11:   return 0;
12: }
13: extern void SSL_CTX_get_ciphers();
14: int t(void) { SSL_CTX_get_ciphers(); return 0; }
/* end */

--------------------

have_func: checking for X509_up_ref()... -------------------- no

"gcc -o conftest -I/usr/include/ruby/2.3 -I/usr/include/ruby/2.3/ruby/backward -I/usr/include/ruby/2.3 -I.     -O2 -g -pipe -Wall -Wp,-D_FORTIFY_SOURCE=2 -fexceptions -fstack-protector --param=ssp-buffer-size=4 -mtune=generic -fPIC  conftest.c  -L. -L/usr/lib64 -L. -fstack-protector -rdynamic -Wl,-export-dynamic   -m64   -lssl -lcrypto -L/usr/lib64/ruby/2.3 -lruby  -lssl -lcrypto -lpthread -ldl -lcrypt -lm   -lc"
conftest.c: In function ‘t’:
conftest.c:13:57: error: ‘X509_up_ref’ undeclared (first use in this function)
 int t(void) { void ((*volatile p)()); p = (void ((*)()))X509_up_ref; return !p; }
                                                         ^
conftest.c:13:57: note: each undeclared identifier is reported only once for each function it appears in
checked program was:
/* begin */
 1: #include "ruby.h"
 2: 
 3: /*top*/
 4: extern int t(void);
 5: int main(int argc, char **argv)
 6: {
 7:   if (argc > 1000000) {
 8:     printf("%p", &t);
 9:   }
10: 
11:   return 0;
12: }
13: int t(void) { void ((*volatile p)()); p = (void ((*)()))X509_up_ref; return !p; }
/* end */

"gcc -o conftest -I/usr/include/ruby/2.3 -I/usr/include/ruby/2.3/ruby/backward -I/usr/include/ruby/2.3 -I.     -O2 -g -pipe -Wall -Wp,-D_FORTIFY_SOURCE=2 -fexceptions -fstack-protector --param=ssp-buffer-size=4 -mtune=generic -fPIC  conftest.c  -L. -L/usr/lib64 -L. -fstack-protector -rdynamic -Wl,-export-dynamic   -m64   -lssl -lcrypto -L/usr/lib64/ruby/2.3 -lruby  -lssl -lcrypto -lpthread -ldl -lcrypt -lm   -lc"
/tmp/ccB7ekF9.o: In function `t':
/var/www/html/Ludus/vendor/bundle/ruby/2.3/gems/openssl-2.1.2/ext/openssl/conftest.c:14: undefined reference to `X509_up_ref'
collect2: error: ld returned 1 exit status
checked program was:
/* begin */
 1: #include "ruby.h"
 2: 
 3: /*top*/
 4: extern int t(void);
 5: int main(int argc, char **argv)
 6: {
 7:   if (argc > 1000000) {
 8:     printf("%p", &t);
 9:   }
10: 
11:   return 0;
12: }
13: extern void X509_up_ref();
14: int t(void) { X509_up_ref(); return 0; }
/* end */

--------------------

have_func: checking for X509_CRL_up_ref()... -------------------- no

"gcc -o conftest -I/usr/include/ruby/2.3 -I/usr/include/ruby/2.3/ruby/backward -I/usr/include/ruby/2.3 -I.     -O2 -g -pipe -Wall -Wp,-D_FORTIFY_SOURCE=2 -fexceptions -fstack-protector --param=ssp-buffer-size=4 -mtune=generic -fPIC  conftest.c  -L. -L/usr/lib64 -L. -fstack-protector -rdynamic -Wl,-export-dynamic   -m64   -lssl -lcrypto -L/usr/lib64/ruby/2.3 -lruby  -lssl -lcrypto -lpthread -ldl -lcrypt -lm   -lc"
conftest.c: In function ‘t’:
conftest.c:13:57: error: ‘X509_CRL_up_ref’ undeclared (first use in this function)
 int t(void) { void ((*volatile p)()); p = (void ((*)()))X509_CRL_up_ref; return !p; }
                                                         ^
conftest.c:13:57: note: each undeclared identifier is reported only once for each function it appears in
checked program was:
/* begin */
 1: #include "ruby.h"
 2: 
 3: /*top*/
 4: extern int t(void);
 5: int main(int argc, char **argv)
 6: {
 7:   if (argc > 1000000) {
 8:     printf("%p", &t);
 9:   }
10: 
11:   return 0;
12: }
13: int t(void) { void ((*volatile p)()); p = (void ((*)()))X509_CRL_up_ref; return !p; }
/* end */

"gcc -o conftest -I/usr/include/ruby/2.3 -I/usr/include/ruby/2.3/ruby/backward -I/usr/include/ruby/2.3 -I.     -O2 -g -pipe -Wall -Wp,-D_FORTIFY_SOURCE=2 -fexceptions -fstack-protector --param=ssp-buffer-size=4 -mtune=generic -fPIC  conftest.c  -L. -L/usr/lib64 -L. -fstack-protector -rdynamic -Wl,-export-dynamic   -m64   -lssl -lcrypto -L/usr/lib64/ruby/2.3 -lruby  -lssl -lcrypto -lpthread -ldl -lcrypt -lm   -lc"
/tmp/ccIQkX6k.o: In function `t':
/var/www/html/Ludus/vendor/bundle/ruby/2.3/gems/openssl-2.1.2/ext/openssl/conftest.c:14: undefined reference to `X509_CRL_up_ref'
collect2: error: ld returned 1 exit status
checked program was:
/* begin */
 1: #include "ruby.h"
 2: 
 3: /*top*/
 4: extern int t(void);
 5: int main(int argc, char **argv)
 6: {
 7:   if (argc > 1000000) {
 8:     printf("%p", &t);
 9:   }
10: 
11:   return 0;
12: }
13: extern void X509_CRL_up_ref();
14: int t(void) { X509_CRL_up_ref(); return 0; }
/* end */

--------------------

have_func: checking for X509_STORE_up_ref()... -------------------- no

"gcc -o conftest -I/usr/include/ruby/2.3 -I/usr/include/ruby/2.3/ruby/backward -I/usr/include/ruby/2.3 -I.     -O2 -g -pipe -Wall -Wp,-D_FORTIFY_SOURCE=2 -fexceptions -fstack-protector --param=ssp-buffer-size=4 -mtune=generic -fPIC  conftest.c  -L. -L/usr/lib64 -L. -fstack-protector -rdynamic -Wl,-export-dynamic   -m64   -lssl -lcrypto -L/usr/lib64/ruby/2.3 -lruby  -lssl -lcrypto -lpthread -ldl -lcrypt -lm   -lc"
conftest.c: In function ‘t’:
conftest.c:13:57: error: ‘X509_STORE_up_ref’ undeclared (first use in this function)
 int t(void) { void ((*volatile p)()); p = (void ((*)()))X509_STORE_up_ref; return !p; }
                                                         ^
conftest.c:13:57: note: each undeclared identifier is reported only once for each function it appears in
checked program was:
/* begin */
 1: #include "ruby.h"
 2: 
 3: /*top*/
 4: extern int t(void);
 5: int main(int argc, char **argv)
 6: {
 7:   if (argc > 1000000) {
 8:     printf("%p", &t);
 9:   }
10: 
11:   return 0;
12: }
13: int t(void) { void ((*volatile p)()); p = (void ((*)()))X509_STORE_up_ref; return !p; }
/* end */

"gcc -o conftest -I/usr/include/ruby/2.3 -I/usr/include/ruby/2.3/ruby/backward -I/usr/include/ruby/2.3 -I.     -O2 -g -pipe -Wall -Wp,-D_FORTIFY_SOURCE=2 -fexceptions -fstack-protector --param=ssp-buffer-size=4 -mtune=generic -fPIC  conftest.c  -L. -L/usr/lib64 -L. -fstack-protector -rdynamic -Wl,-export-dynamic   -m64   -lssl -lcrypto -L/usr/lib64/ruby/2.3 -lruby  -lssl -lcrypto -lpthread -ldl -lcrypt -lm   -lc"
/tmp/ccLnIJUy.o: In function `t':
/var/www/html/Ludus/vendor/bundle/ruby/2.3/gems/openssl-2.1.2/ext/openssl/conftest.c:14: undefined reference to `X509_STORE_up_ref'
collect2: error: ld returned 1 exit status
checked program was:
/* begin */
 1: #include "ruby.h"
 2: 
 3: /*top*/
 4: extern int t(void);
 5: int main(int argc, char **argv)
 6: {
 7:   if (argc > 1000000) {
 8:     printf("%p", &t);
 9:   }
10: 
11:   return 0;
12: }
13: extern void X509_STORE_up_ref();
14: int t(void) { X509_STORE_up_ref(); return 0; }
/* end */

--------------------

have_func: checking for SSL_SESSION_up_ref()... -------------------- no

"gcc -o conftest -I/usr/include/ruby/2.3 -I/usr/include/ruby/2.3/ruby/backward -I/usr/include/ruby/2.3 -I.     -O2 -g -pipe -Wall -Wp,-D_FORTIFY_SOURCE=2 -fexceptions -fstack-protector --param=ssp-buffer-size=4 -mtune=generic -fPIC  conftest.c  -L. -L/usr/lib64 -L. -fstack-protector -rdynamic -Wl,-export-dynamic   -m64   -lssl -lcrypto -L/usr/lib64/ruby/2.3 -lruby  -lssl -lcrypto -lpthread -ldl -lcrypt -lm   -lc"
conftest.c: In function ‘t’:
conftest.c:13:57: error: ‘SSL_SESSION_up_ref’ undeclared (first use in this function)
 int t(void) { void ((*volatile p)()); p = (void ((*)()))SSL_SESSION_up_ref; return !p; }
                                                         ^
conftest.c:13:57: note: each undeclared identifier is reported only once for each function it appears in
checked program was:
/* begin */
 1: #include "ruby.h"
 2: 
 3: /*top*/
 4: extern int t(void);
 5: int main(int argc, char **argv)
 6: {
 7:   if (argc > 1000000) {
 8:     printf("%p", &t);
 9:   }
10: 
11:   return 0;
12: }
13: int t(void) { void ((*volatile p)()); p = (void ((*)()))SSL_SESSION_up_ref; return !p; }
/* end */

"gcc -o conftest -I/usr/include/ruby/2.3 -I/usr/include/ruby/2.3/ruby/backward -I/usr/include/ruby/2.3 -I.     -O2 -g -pipe -Wall -Wp,-D_FORTIFY_SOURCE=2 -fexceptions -fstack-protector --param=ssp-buffer-size=4 -mtune=generic -fPIC  conftest.c  -L. -L/usr/lib64 -L. -fstack-protector -rdynamic -Wl,-export-dynamic   -m64   -lssl -lcrypto -L/usr/lib64/ruby/2.3 -lruby  -lssl -lcrypto -lpthread -ldl -lcrypt -lm   -lc"
/tmp/ccfAPQsz.o: In function `t':
/var/www/html/Ludus/vendor/bundle/ruby/2.3/gems/openssl-2.1.2/ext/openssl/conftest.c:14: undefined reference to `SSL_SESSION_up_ref'
collect2: error: ld returned 1 exit status
checked program was:
/* begin */
 1: #include "ruby.h"
 2: 
 3: /*top*/
 4: extern int t(void);
 5: int main(int argc, char **argv)
 6: {
 7:   if (argc > 1000000) {
 8:     printf("%p", &t);
 9:   }
10: 
11:   return 0;
12: }
13: extern void SSL_SESSION_up_ref();
14: int t(void) { SSL_SESSION_up_ref(); return 0; }
/* end */

--------------------

have_func: checking for EVP_PKEY_up_ref()... -------------------- no

"gcc -o conftest -I/usr/include/ruby/2.3 -I/usr/include/ruby/2.3/ruby/backward -I/usr/include/ruby/2.3 -I.     -O2 -g -pipe -Wall -Wp,-D_FORTIFY_SOURCE=2 -fexceptions -fstack-protector --param=ssp-buffer-size=4 -mtune=generic -fPIC  conftest.c  -L. -L/usr/lib64 -L. -fstack-protector -rdynamic -Wl,-export-dynamic   -m64   -lssl -lcrypto -L/usr/lib64/ruby/2.3 -lruby  -lssl -lcrypto -lpthread -ldl -lcrypt -lm   -lc"
conftest.c: In function ‘t’:
conftest.c:13:57: error: ‘EVP_PKEY_up_ref’ undeclared (first use in this function)
 int t(void) { void ((*volatile p)()); p = (void ((*)()))EVP_PKEY_up_ref; return !p; }
                                                         ^
conftest.c:13:57: note: each undeclared identifier is reported only once for each function it appears in
checked program was:
/* begin */
 1: #include "ruby.h"
 2: 
 3: /*top*/
 4: extern int t(void);
 5: int main(int argc, char **argv)
 6: {
 7:   if (argc > 1000000) {
 8:     printf("%p", &t);
 9:   }
10: 
11:   return 0;
12: }
13: int t(void) { void ((*volatile p)()); p = (void ((*)()))EVP_PKEY_up_ref; return !p; }
/* end */

"gcc -o conftest -I/usr/include/ruby/2.3 -I/usr/include/ruby/2.3/ruby/backward -I/usr/include/ruby/2.3 -I.     -O2 -g -pipe -Wall -Wp,-D_FORTIFY_SOURCE=2 -fexceptions -fstack-protector --param=ssp-buffer-size=4 -mtune=generic -fPIC  conftest.c  -L. -L/usr/lib64 -L. -fstack-protector -rdynamic -Wl,-export-dynamic   -m64   -lssl -lcrypto -L/usr/lib64/ruby/2.3 -lruby  -lssl -lcrypto -lpthread -ldl -lcrypt -lm   -lc"
/tmp/ccz44PMK.o: In function `t':
/var/www/html/Ludus/vendor/bundle/ruby/2.3/gems/openssl-2.1.2/ext/openssl/conftest.c:14: undefined reference to `EVP_PKEY_up_ref'
collect2: error: ld returned 1 exit status
checked program was:
/* begin */
 1: #include "ruby.h"
 2: 
 3: /*top*/
 4: extern int t(void);
 5: int main(int argc, char **argv)
 6: {
 7:   if (argc > 1000000) {
 8:     printf("%p", &t);
 9:   }
10: 
11:   return 0;
12: }
13: extern void EVP_PKEY_up_ref();
14: int t(void) { EVP_PKEY_up_ref(); return 0; }
/* end */

--------------------

have_func: checking for SSL_CTX_set_tmp_ecdh_callback() in openssl/ssl.h with -Werror=deprecated-declarations... -------------------- yes

"gcc -o conftest -I/usr/include/ruby/2.3 -I/usr/include/ruby/2.3/ruby/backward -I/usr/include/ruby/2.3 -I.     -O2 -g -pipe -Wall -Wp,-D_FORTIFY_SOURCE=2 -fexceptions -fstack-protector --param=ssp-buffer-size=4 -mtune=generic -fPIC  conftest.c  -L. -L/usr/lib64 -L. -fstack-protector -rdynamic -Wl,-export-dynamic   -m64   -lssl -lcrypto -L/usr/lib64/ruby/2.3 -lruby -Werror=deprecated-declarations  -lssl -lcrypto -lpthread -ldl -lcrypt -lm   -lc"
checked program was:
/* begin */
 1: #include "ruby.h"
 2: 
 3: #include <openssl/ssl.h>
 4: 
 5: /*top*/
 6: extern int t(void);
 7: int main(int argc, char **argv)
 8: {
 9:   if (argc > 1000000) {
10:     printf("%p", &t);
11:   }
12: 
13:   return 0;
14: }
15: int t(void) { void ((*volatile p)()); p = (void ((*)()))SSL_CTX_set_tmp_ecdh_callback; return !p; }
/* end */

--------------------

have_func: checking for SSL_CTX_set_min_proto_version() in openssl/ssl.h with -Werror=deprecated-declarations... -------------------- no

"gcc -o conftest -I/usr/include/ruby/2.3 -I/usr/include/ruby/2.3/ruby/backward -I/usr/include/ruby/2.3 -I.     -O2 -g -pipe -Wall -Wp,-D_FORTIFY_SOURCE=2 -fexceptions -fstack-protector --param=ssp-buffer-size=4 -mtune=generic -fPIC  conftest.c  -L. -L/usr/lib64 -L. -fstack-protector -rdynamic -Wl,-export-dynamic   -m64   -lssl -lcrypto -L/usr/lib64/ruby/2.3 -lruby -Werror=deprecated-declarations  -lssl -lcrypto -lpthread -ldl -lcrypt -lm   -lc"
conftest.c: In function ‘t’:
conftest.c:15:57: error: ‘SSL_CTX_set_min_proto_version’ undeclared (first use in this function)
 int t(void) { void ((*volatile p)()); p = (void ((*)()))SSL_CTX_set_min_proto_version; return !p; }
                                                         ^
conftest.c:15:57: note: each undeclared identifier is reported only once for each function it appears in
checked program was:
/* begin */
 1: #include "ruby.h"
 2: 
 3: #include <openssl/ssl.h>
 4: 
 5: /*top*/
 6: extern int t(void);
 7: int main(int argc, char **argv)
 8: {
 9:   if (argc > 1000000) {
10:     printf("%p", &t);
11:   }
12: 
13:   return 0;
14: }
15: int t(void) { void ((*volatile p)()); p = (void ((*)()))SSL_CTX_set_min_proto_version; return !p; }
/* end */

"gcc -o conftest -I/usr/include/ruby/2.3 -I/usr/include/ruby/2.3/ruby/backward -I/usr/include/ruby/2.3 -I.     -O2 -g -pipe -Wall -Wp,-D_FORTIFY_SOURCE=2 -fexceptions -fstack-protector --param=ssp-buffer-size=4 -mtune=generic -fPIC  conftest.c  -L. -L/usr/lib64 -L. -fstack-protector -rdynamic -Wl,-export-dynamic   -m64   -lssl -lcrypto -L/usr/lib64/ruby/2.3 -lruby -Werror=deprecated-declarations  -lssl -lcrypto -lpthread -ldl -lcrypt -lm   -lc"
/tmp/ccUY4tod.o: In function `t':
/var/www/html/Ludus/vendor/bundle/ruby/2.3/gems/openssl-2.1.2/ext/openssl/conftest.c:16: undefined reference to `SSL_CTX_set_min_proto_version'
collect2: error: ld returned 1 exit status
checked program was:
/* begin */
 1: #include "ruby.h"
 2: 
 3: #include <openssl/ssl.h>
 4: 
 5: /*top*/
 6: extern int t(void);
 7: int main(int argc, char **argv)
 8: {
 9:   if (argc > 1000000) {
10:     printf("%p", &t);
11:   }
12: 
13:   return 0;
14: }
15: extern void SSL_CTX_set_min_proto_version();
16: int t(void) { SSL_CTX_set_min_proto_version(); return 0; }
/* end */

--------------------

have_macro: checking for SSL_CTX_set_min_proto_version in openssl/ssl.h... -------------------- no

"gcc -I/usr/include/ruby/2.3 -I/usr/include/ruby/2.3/ruby/backward -I/usr/include/ruby/2.3 -I.     -O2 -g -pipe -Wall -Wp,-D_FORTIFY_SOURCE=2 -fexceptions -fstack-protector --param=ssp-buffer-size=4 -mtune=generic -fPIC  -m64  -c conftest.c"
conftest.c:6:3: error: #error 
 # error
   ^
conftest.c:7:1: error: expected identifier or ‘(’ before ‘|’ token
 |:/ === SSL_CTX_set_min_proto_version undefined === /:|
 ^
checked program was:
/* begin */
1: #include "ruby.h"
2: 
3: #include <openssl/ssl.h>
4: /*top*/
5: #ifndef SSL_CTX_set_min_proto_version
6: # error
7: |:/ === SSL_CTX_set_min_proto_version undefined === /:|
8: #endif
/* end */

--------------------

have_func: checking for SSL_CTX_get_security_level()... -------------------- no

"gcc -o conftest -I/usr/include/ruby/2.3 -I/usr/include/ruby/2.3/ruby/backward -I/usr/include/ruby/2.3 -I.     -O2 -g -pipe -Wall -Wp,-D_FORTIFY_SOURCE=2 -fexceptions -fstack-protector --param=ssp-buffer-size=4 -mtune=generic -fPIC  conftest.c  -L. -L/usr/lib64 -L. -fstack-protector -rdynamic -Wl,-export-dynamic   -m64   -lssl -lcrypto -L/usr/lib64/ruby/2.3 -lruby  -lssl -lcrypto -lpthread -ldl -lcrypt -lm   -lc"
conftest.c: In function ‘t’:
conftest.c:13:57: error: ‘SSL_CTX_get_security_level’ undeclared (first use in this function)
 int t(void) { void ((*volatile p)()); p = (void ((*)()))SSL_CTX_get_security_level; return !p; }
                                                         ^
conftest.c:13:57: note: each undeclared identifier is reported only once for each function it appears in
checked program was:
/* begin */
 1: #include "ruby.h"
 2: 
 3: /*top*/
 4: extern int t(void);
 5: int main(int argc, char **argv)
 6: {
 7:   if (argc > 1000000) {
 8:     printf("%p", &t);
 9:   }
10: 
11:   return 0;
12: }
13: int t(void) { void ((*volatile p)()); p = (void ((*)()))SSL_CTX_get_security_level; return !p; }
/* end */

"gcc -o conftest -I/usr/include/ruby/2.3 -I/usr/include/ruby/2.3/ruby/backward -I/usr/include/ruby/2.3 -I.     -O2 -g -pipe -Wall -Wp,-D_FORTIFY_SOURCE=2 -fexceptions -fstack-protector --param=ssp-buffer-size=4 -mtune=generic -fPIC  conftest.c  -L. -L/usr/lib64 -L. -fstack-protector -rdynamic -Wl,-export-dynamic   -m64   -lssl -lcrypto -L/usr/lib64/ruby/2.3 -lruby  -lssl -lcrypto -lpthread -ldl -lcrypt -lm   -lc"
/tmp/ccEXs5wy.o: In function `t':
/var/www/html/Ludus/vendor/bundle/ruby/2.3/gems/openssl-2.1.2/ext/openssl/conftest.c:14: undefined reference to `SSL_CTX_get_security_level'
collect2: error: ld returned 1 exit status
checked program was:
/* begin */
 1: #include "ruby.h"
 2: 
 3: /*top*/
 4: extern int t(void);
 5: int main(int argc, char **argv)
 6: {
 7:   if (argc > 1000000) {
 8:     printf("%p", &t);
 9:   }
10: 
11:   return 0;
12: }
13: extern void SSL_CTX_get_security_level();
14: int t(void) { SSL_CTX_get_security_level(); return 0; }
/* end */

--------------------

have_func: checking for X509_get0_notBefore()... -------------------- no

"gcc -o conftest -I/usr/include/ruby/2.3 -I/usr/include/ruby/2.3/ruby/backward -I/usr/include/ruby/2.3 -I.     -O2 -g -pipe -Wall -Wp,-D_FORTIFY_SOURCE=2 -fexceptions -fstack-protector --param=ssp-buffer-size=4 -mtune=generic -fPIC  conftest.c  -L. -L/usr/lib64 -L. -fstack-protector -rdynamic -Wl,-export-dynamic   -m64   -lssl -lcrypto -L/usr/lib64/ruby/2.3 -lruby  -lssl -lcrypto -lpthread -ldl -lcrypt -lm   -lc"
conftest.c: In function ‘t’:
conftest.c:13:57: error: ‘X509_get0_notBefore’ undeclared (first use in this function)
 int t(void) { void ((*volatile p)()); p = (void ((*)()))X509_get0_notBefore; return !p; }
                                                         ^
conftest.c:13:57: note: each undeclared identifier is reported only once for each function it appears in
checked program was:
/* begin */
 1: #include "ruby.h"
 2: 
 3: /*top*/
 4: extern int t(void);
 5: int main(int argc, char **argv)
 6: {
 7:   if (argc > 1000000) {
 8:     printf("%p", &t);
 9:   }
10: 
11:   return 0;
12: }
13: int t(void) { void ((*volatile p)()); p = (void ((*)()))X509_get0_notBefore; return !p; }
/* end */

"gcc -o conftest -I/usr/include/ruby/2.3 -I/usr/include/ruby/2.3/ruby/backward -I/usr/include/ruby/2.3 -I.     -O2 -g -pipe -Wall -Wp,-D_FORTIFY_SOURCE=2 -fexceptions -fstack-protector --param=ssp-buffer-size=4 -mtune=generic -fPIC  conftest.c  -L. -L/usr/lib64 -L. -fstack-protector -rdynamic -Wl,-export-dynamic   -m64   -lssl -lcrypto -L/usr/lib64/ruby/2.3 -lruby  -lssl -lcrypto -lpthread -ldl -lcrypt -lm   -lc"
/tmp/ccm5tjAA.o: In function `t':
/var/www/html/Ludus/vendor/bundle/ruby/2.3/gems/openssl-2.1.2/ext/openssl/conftest.c:14: undefined reference to `X509_get0_notBefore'
collect2: error: ld returned 1 exit status
checked program was:
/* begin */
 1: #include "ruby.h"
 2: 
 3: /*top*/
 4: extern int t(void);
 5: int main(int argc, char **argv)
 6: {
 7:   if (argc > 1000000) {
 8:     printf("%p", &t);
 9:   }
10: 
11:   return 0;
12: }
13: extern void X509_get0_notBefore();
14: int t(void) { X509_get0_notBefore(); return 0; }
/* end */

--------------------

have_func: checking for SSL_SESSION_get_protocol_version()... -------------------- no

"gcc -o conftest -I/usr/include/ruby/2.3 -I/usr/include/ruby/2.3/ruby/backward -I/usr/include/ruby/2.3 -I.     -O2 -g -pipe -Wall -Wp,-D_FORTIFY_SOURCE=2 -fexceptions -fstack-protector --param=ssp-buffer-size=4 -mtune=generic -fPIC  conftest.c  -L. -L/usr/lib64 -L. -fstack-protector -rdynamic -Wl,-export-dynamic   -m64   -lssl -lcrypto -L/usr/lib64/ruby/2.3 -lruby  -lssl -lcrypto -lpthread -ldl -lcrypt -lm   -lc"
conftest.c: In function ‘t’:
conftest.c:13:57: error: ‘SSL_SESSION_get_protocol_version’ undeclared (first use in this function)
 int t(void) { void ((*volatile p)()); p = (void ((*)()))SSL_SESSION_get_protocol_version; return !p; }
                                                         ^
conftest.c:13:57: note: each undeclared identifier is reported only once for each function it appears in
checked program was:
/* begin */
 1: #include "ruby.h"
 2: 
 3: /*top*/
 4: extern int t(void);
 5: int main(int argc, char **argv)
 6: {
 7:   if (argc > 1000000) {
 8:     printf("%p", &t);
 9:   }
10: 
11:   return 0;
12: }
13: int t(void) { void ((*volatile p)()); p = (void ((*)()))SSL_SESSION_get_protocol_version; return !p; }
/* end */

"gcc -o conftest -I/usr/include/ruby/2.3 -I/usr/include/ruby/2.3/ruby/backward -I/usr/include/ruby/2.3 -I.     -O2 -g -pipe -Wall -Wp,-D_FORTIFY_SOURCE=2 -fexceptions -fstack-protector --param=ssp-buffer-size=4 -mtune=generic -fPIC  conftest.c  -L. -L/usr/lib64 -L. -fstack-protector -rdynamic -Wl,-export-dynamic   -m64   -lssl -lcrypto -L/usr/lib64/ruby/2.3 -lruby  -lssl -lcrypto -lpthread -ldl -lcrypt -lm   -lc"
/tmp/ccYg9t1L.o: In function `t':
/var/www/html/Ludus/vendor/bundle/ruby/2.3/gems/openssl-2.1.2/ext/openssl/conftest.c:14: undefined reference to `SSL_SESSION_get_protocol_version'
collect2: error: ld returned 1 exit status
checked program was:
/* begin */
 1: #include "ruby.h"
 2: 
 3: /*top*/
 4: extern int t(void);
 5: int main(int argc, char **argv)
 6: {
 7:   if (argc > 1000000) {
 8:     printf("%p", &t);
 9:   }
10: 
11:   return 0;
12: }
13: extern void SSL_SESSION_get_protocol_version();
14: int t(void) { SSL_SESSION_get_protocol_version(); return 0; }
/* end */

--------------------

have_func: checking for EVP_PBE_scrypt()... -------------------- no

"gcc -o conftest -I/usr/include/ruby/2.3 -I/usr/include/ruby/2.3/ruby/backward -I/usr/include/ruby/2.3 -I.     -O2 -g -pipe -Wall -Wp,-D_FORTIFY_SOURCE=2 -fexceptions -fstack-protector --param=ssp-buffer-size=4 -mtune=generic -fPIC  conftest.c  -L. -L/usr/lib64 -L. -fstack-protector -rdynamic -Wl,-export-dynamic   -m64   -lssl -lcrypto -L/usr/lib64/ruby/2.3 -lruby  -lssl -lcrypto -lpthread -ldl -lcrypt -lm   -lc"
conftest.c: In function ‘t’:
conftest.c:13:57: error: ‘EVP_PBE_scrypt’ undeclared (first use in this function)
 int t(void) { void ((*volatile p)()); p = (void ((*)()))EVP_PBE_scrypt; return !p; }
                                                         ^
conftest.c:13:57: note: each undeclared identifier is reported only once for each function it appears in
checked program was:
/* begin */
 1: #include "ruby.h"
 2: 
 3: /*top*/
 4: extern int t(void);
 5: int main(int argc, char **argv)
 6: {
 7:   if (argc > 1000000) {
 8:     printf("%p", &t);
 9:   }
10: 
11:   return 0;
12: }
13: int t(void) { void ((*volatile p)()); p = (void ((*)()))EVP_PBE_scrypt; return !p; }
/* end */

"gcc -o conftest -I/usr/include/ruby/2.3 -I/usr/include/ruby/2.3/ruby/backward -I/usr/include/ruby/2.3 -I.     -O2 -g -pipe -Wall -Wp,-D_FORTIFY_SOURCE=2 -fexceptions -fstack-protector --param=ssp-buffer-size=4 -mtune=generic -fPIC  conftest.c  -L. -L/usr/lib64 -L. -fstack-protector -rdynamic -Wl,-export-dynamic   -m64   -lssl -lcrypto -L/usr/lib64/ruby/2.3 -lruby  -lssl -lcrypto -lpthread -ldl -lcrypt -lm   -lc"
/tmp/ccDe8mhV.o: In function `t':
/var/www/html/Ludus/vendor/bundle/ruby/2.3/gems/openssl-2.1.2/ext/openssl/conftest.c:14: undefined reference to `EVP_PBE_scrypt'
collect2: error: ld returned 1 exit status
checked program was:
/* begin */
 1: #include "ruby.h"
 2: 
 3: /*top*/
 4: extern int t(void);
 5: int main(int argc, char **argv)
 6: {
 7:   if (argc > 1000000) {
 8:     printf("%p", &t);
 9:   }
10: 
11:   return 0;
12: }
13: extern void EVP_PBE_scrypt();
14: int t(void) { EVP_PBE_scrypt(); return 0; }
/* end */

--------------------

=== Checking done. ===
extconf.h is:
/* begin */
 1: #ifndef EXTCONF_H
 2: #define EXTCONF_H
 3: #define HAVE_OPENSSL_SSL_H 1
 4: #define HAVE_RAND_EGD 1
 5: #define HAVE_ENGINE_LOAD_BUILTIN_ENGINES 1
 6: #define HAVE_ENGINE_LOAD_DYNAMIC 1
 7: #define HAVE_ENGINE_LOAD_CRYPTODEV 1
 8: #define HAVE_ENGINE_LOAD_AESNI 1
 9: #define HAVE_EC_CURVE_NIST2NID 1
10: #define HAVE_X509_REVOKED_DUP 1
11: #define HAVE_X509_STORE_CTX_GET0_STORE 1
12: #define HAVE_SSL_CTX_SET_ALPN_SELECT_CB 1
13: #define HAVE_SSL_CTX_SET1_CURVES_LIST 1
14: #define HAVE_SSL_CTX_SET_ECDH_AUTO 1
15: #define HAVE_SSL_GET_SERVER_TMP_KEY 1
16: #define HAVE_SSL_IS_SERVER 1
17: #define HAVE_SSL_CTX 1
18: #define HAVE_ST_CTX 1
19: #define HAVE_CRYPTO_LOCK 1
20: #define HAVE_RAND_PSEUDO_BYTES 1
21: #define HAVE_SSL_CTX_SET_TMP_ECDH_CALLBACK 1
22: #endif
/* end */

Done.
